2019-05-03 17:12:35.742+0000 WARN [o.n.i.p.PageCache] The dbms.memory.pagecache.size setting has not been configured. It is recommended that this setting is always explicitly configured, to ensure the system has a balanced configuration. Until then, a computed heuristic value of 3066556416 bytes will be used instead. Run `neo4j-admin memrec` for memory configuration suggestions.
2019-05-03 17:12:36.293+0000 INFO [o.n.k.i.f.CommunityEditionModule] No locking implementation specified, defaulting to 'community'
2019-05-03 17:12:36.537+0000 INFO [o.n.k.AvailabilityGuard] Requirement makes database unavailable: Database available
2019-05-03 17:12:36.552+0000 INFO [o.n.k.i.DiagnosticsManager] --- INITIALIZED diagnostics START ---
2019-05-03 17:12:36.552+0000 INFO [o.n.k.i.DiagnosticsManager] Neo4j Kernel properties:
2019-05-03 17:12:36.553+0000 INFO [o.n.k.i.DiagnosticsManager] dbms.connector.http.enabled=true
2019-05-03 17:12:36.553+0000 INFO [o.n.k.i.DiagnosticsManager] dbms.security.auth_enabled=false
2019-05-03 17:12:36.553+0000 INFO [o.n.k.i.DiagnosticsManager] dbms.windows_service_name=neo4j
2019-05-03 17:12:36.553+0000 INFO [o.n.k.i.DiagnosticsManager] dbms.connector.http.listen_address=localhost:7474
2019-05-03 17:12:36.553+0000 INFO [o.n.k.i.DiagnosticsManager] dbms.connector.https.listen_address=localhost:7473
2019-05-03 17:12:36.553+0000 INFO [o.n.k.i.DiagnosticsManager] unsupported.dbms.directories.neo4j_home=/home/wecalderonc/code/tests/water-metter-neo4j/db/neo4j/development
2019-05-03 17:12:36.553+0000 INFO [o.n.k.i.DiagnosticsManager] dbms.connector.bolt.listen_address=localhost:7472
2019-05-03 17:12:36.554+0000 INFO [o.n.k.i.DiagnosticsManager] dbms.directories.import=import
2019-05-03 17:12:36.554+0000 INFO [o.n.k.i.DiagnosticsManager] unsupported.dbms.edition=community
2019-05-03 17:12:36.554+0000 INFO [o.n.k.i.DiagnosticsManager] dbms.connector.bolt.enabled=true
2019-05-03 17:12:36.554+0000 INFO [o.n.k.i.DiagnosticsManager] dbms.connector.https.enabled=false
2019-05-03 17:12:36.554+0000 INFO [o.n.k.i.DiagnosticsManager] dbms.jvm.additional=-Dunsupported.dbms.udc.source=tarball
2019-05-03 17:12:36.554+0000 INFO [o.n.k.i.DiagnosticsManager] dbms.tx_log.rotation.retention_policy=1 days
2019-05-03 17:12:36.555+0000 INFO [o.n.k.i.DiagnosticsManager] Diagnostics providers:
2019-05-03 17:12:36.555+0000 INFO [o.n.k.i.DiagnosticsManager] org.neo4j.kernel.configuration.Config
2019-05-03 17:12:36.555+0000 INFO [o.n.k.i.DiagnosticsManager] org.neo4j.kernel.info.DiagnosticsManager
2019-05-03 17:12:36.555+0000 INFO [o.n.k.i.DiagnosticsManager] SYSTEM_MEMORY
2019-05-03 17:12:36.555+0000 INFO [o.n.k.i.DiagnosticsManager] JAVA_MEMORY
2019-05-03 17:12:36.555+0000 INFO [o.n.k.i.DiagnosticsManager] OPERATING_SYSTEM
2019-05-03 17:12:36.555+0000 INFO [o.n.k.i.DiagnosticsManager] JAVA_VIRTUAL_MACHINE
2019-05-03 17:12:36.556+0000 INFO [o.n.k.i.DiagnosticsManager] CLASSPATH
2019-05-03 17:12:36.556+0000 INFO [o.n.k.i.DiagnosticsManager] LIBRARY_PATH
2019-05-03 17:12:36.556+0000 INFO [o.n.k.i.DiagnosticsManager] SYSTEM_PROPERTIES
2019-05-03 17:12:36.556+0000 INFO [o.n.k.i.DiagnosticsManager] TIMEZONE_DATABASE
2019-05-03 17:12:36.556+0000 INFO [o.n.k.i.DiagnosticsManager] LINUX_SCHEDULERS
2019-05-03 17:12:36.556+0000 INFO [o.n.k.i.DiagnosticsManager] NETWORK
2019-05-03 17:12:36.557+0000 INFO [o.n.k.i.DiagnosticsManager] System memory information:
2019-05-03 17:12:36.570+0000 INFO [o.n.k.i.DiagnosticsManager] Total Physical memory: 7.62 GB
2019-05-03 17:12:36.570+0000 INFO [o.n.k.i.DiagnosticsManager] Free Physical memory: 291.59 MB
2019-05-03 17:12:36.571+0000 INFO [o.n.k.i.DiagnosticsManager] Committed virtual memory: 4.93 GB
2019-05-03 17:12:36.571+0000 INFO [o.n.k.i.DiagnosticsManager] Total swap space: 3.81 GB
2019-05-03 17:12:36.571+0000 INFO [o.n.k.i.DiagnosticsManager] Free swap space: 2.37 GB
2019-05-03 17:12:36.571+0000 INFO [o.n.k.i.DiagnosticsManager] JVM memory information:
2019-05-03 17:12:36.572+0000 INFO [o.n.k.i.DiagnosticsManager] Free  memory: 55.28 MB
2019-05-03 17:12:36.572+0000 INFO [o.n.k.i.DiagnosticsManager] Total memory: 122.00 MB
2019-05-03 17:12:36.572+0000 INFO [o.n.k.i.DiagnosticsManager] Max   memory: 1.91 GB
2019-05-03 17:12:36.576+0000 INFO [o.n.k.i.DiagnosticsManager] Garbage Collector: G1 Young Generation: [G1 Eden Space, G1 Survivor Space]
2019-05-03 17:12:36.576+0000 INFO [o.n.k.i.DiagnosticsManager] Garbage Collector: G1 Old Generation: [G1 Eden Space, G1 Survivor Space, G1 Old Gen]
2019-05-03 17:12:36.577+0000 INFO [o.n.k.i.DiagnosticsManager] Memory Pool: Code Cache (Non-heap memory): committed=5.63 MB, used=5.58 MB, max=240.00 MB, threshold=0.00 B
2019-05-03 17:12:36.577+0000 INFO [o.n.k.i.DiagnosticsManager] Memory Pool: Metaspace (Non-heap memory): committed=15.13 MB, used=14.17 MB, max=-1.00 B, threshold=0.00 B
2019-05-03 17:12:36.577+0000 INFO [o.n.k.i.DiagnosticsManager] Memory Pool: Compressed Class Space (Non-heap memory): committed=2.13 MB, used=1.87 MB, max=1.00 GB, threshold=0.00 B
2019-05-03 17:12:36.578+0000 INFO [o.n.k.i.DiagnosticsManager] Memory Pool: G1 Eden Space (Heap memory): committed=74.00 MB, used=62.00 MB, max=-1.00 B, threshold=?
2019-05-03 17:12:36.578+0000 INFO [o.n.k.i.DiagnosticsManager] Memory Pool: G1 Survivor Space (Heap memory): committed=3.00 MB, used=3.00 MB, max=-1.00 B, threshold=?
2019-05-03 17:12:36.579+0000 INFO [o.n.k.i.DiagnosticsManager] Memory Pool: G1 Old Gen (Heap memory): committed=45.00 MB, used=1.71 MB, max=1.91 GB, threshold=0.00 B
2019-05-03 17:12:36.579+0000 INFO [o.n.k.i.DiagnosticsManager] Operating system information:
2019-05-03 17:12:36.582+0000 INFO [o.n.k.i.DiagnosticsManager] Operating System: Linux; version: 4.15.0-48-generic; arch: amd64; cpus: 4
2019-05-03 17:12:36.583+0000 INFO [o.n.k.i.DiagnosticsManager] Max number of file descriptors: 1048576
2019-05-03 17:12:36.583+0000 INFO [o.n.k.i.DiagnosticsManager] Number of open file descriptors: 114
2019-05-03 17:12:36.583+0000 INFO [o.n.k.i.DiagnosticsManager] Process id: 19795@w-laptop
2019-05-03 17:12:36.584+0000 INFO [o.n.k.i.DiagnosticsManager] Byte order: LITTLE_ENDIAN
2019-05-03 17:12:36.588+0000 INFO [o.n.k.i.DiagnosticsManager] Local timezone: America/Bogota
2019-05-03 17:12:36.588+0000 INFO [o.n.k.i.DiagnosticsManager] JVM information:
2019-05-03 17:12:36.588+0000 INFO [o.n.k.i.DiagnosticsManager] VM Name: Java HotSpot(TM) 64-Bit Server VM
2019-05-03 17:12:36.588+0000 INFO [o.n.k.i.DiagnosticsManager] VM Vendor: Oracle Corporation
2019-05-03 17:12:36.588+0000 INFO [o.n.k.i.DiagnosticsManager] VM Version: 25.201-b09
2019-05-03 17:12:36.589+0000 INFO [o.n.k.i.DiagnosticsManager] JIT compiler: HotSpot 64-Bit Tiered Compilers
2019-05-03 17:12:36.589+0000 INFO [o.n.k.i.DiagnosticsManager] VM Arguments: [-XX:+UseG1GC, -XX:-OmitStackTraceInFastThrow, -XX:+AlwaysPreTouch, -XX:+UnlockExperimentalVMOptions, -XX:+TrustFinalNonStaticFields, -XX:+DisableExplicitGC, -Djdk.tls.ephemeralDHKeySize=2048, -Djdk.tls.rejectClientInitiatedRenegotiation=true, -Dunsupported.dbms.udc.source=tarball, -Dfile.encoding=UTF-8]
2019-05-03 17:12:36.589+0000 INFO [o.n.k.i.DiagnosticsManager] Java classpath:
2019-05-03 17:12:36.592+0000 INFO [o.n.k.i.DiagnosticsManager]  [classpath + loader.0] file:/home/wecalderonc/code/tests/water-metter-neo4j/db/neo4j/development/lib/jetty-webapp-9.4.8.v20171121.jar
2019-05-03 17:12:36.592+0000 INFO [o.n.k.i.DiagnosticsManager]  [loader.1] file:/usr/lib/jvm/java-8-oracle/jre/lib/ext/zipfs.jar
2019-05-03 17:12:36.592+0000 INFO [o.n.k.i.DiagnosticsManager]  [classpath + loader.0] file:/home/wecalderonc/code/tests/water-metter-neo4j/db/neo4j/development/lib/neo4j-command-line-3.4.1.jar
2019-05-03 17:12:36.592+0000 INFO [o.n.k.i.DiagnosticsManager]  [classpath + loader.0] file:/home/wecalderonc/code/tests/water-metter-neo4j/db/neo4j/development/lib/jackson-core-asl-1.9.13.jar
2019-05-03 17:12:36.592+0000 INFO [o.n.k.i.DiagnosticsManager]  [classpath + loader.0] file:/home/wecalderonc/code/tests/water-metter-neo4j/db/neo4j/development/lib/jPowerShell-1.9.jar
2019-05-03 17:12:36.592+0000 INFO [o.n.k.i.DiagnosticsManager]  [classpath + loader.0] file:/home/wecalderonc/code/tests/water-metter-neo4j/db/neo4j/development/lib/neo4j-import-tool-3.4.1.jar
2019-05-03 17:12:36.592+0000 INFO [o.n.k.i.DiagnosticsManager]  [classpath + loader.0] file:/home/wecalderonc/code/tests/water-metter-neo4j/db/neo4j/development/lib/scala-reflect-2.11.12.jar
2019-05-03 17:12:36.592+0000 INFO [o.n.k.i.DiagnosticsManager]  [bootstrap] /usr/lib/jvm/java-8-oracle/jre/lib/jfr.jar
2019-05-03 17:12:36.592+0000 INFO [o.n.k.i.DiagnosticsManager]  [classpath + loader.0] file:/home/wecalderonc/code/tests/water-metter-neo4j/db/neo4j/development/lib/neo4j-server-3.4.1.jar
2019-05-03 17:12:36.593+0000 INFO [o.n.k.i.DiagnosticsManager]  [classpath + loader.0] file:/home/wecalderonc/code/tests/water-metter-neo4j/db/neo4j/development/lib/neo4j-io-3.4.1.jar
2019-05-03 17:12:36.593+0000 INFO [o.n.k.i.DiagnosticsManager]  [classpath + loader.0] file:/home/wecalderonc/code/tests/water-metter-neo4j/db/neo4j/development/lib/parboiled-core-1.1.7.jar
2019-05-03 17:12:36.593+0000 INFO [o.n.k.i.DiagnosticsManager]  [classpath + loader.0] file:/home/wecalderonc/code/tests/water-metter-neo4j/db/neo4j/development/lib/neo4j-procedure-api-3.4.1.jar
2019-05-03 17:12:36.593+0000 INFO [o.n.k.i.DiagnosticsManager]  [classpath + loader.0] file:/home/wecalderonc/code/tests/water-metter-neo4j/db/neo4j/development/lib/commons-text-1.3.jar
2019-05-03 17:12:36.593+0000 INFO [o.n.k.i.DiagnosticsManager]  [classpath + loader.0] file:/home/wecalderonc/code/tests/water-metter-neo4j/db/neo4j/development/lib/neo4j-browser-3.1.14.jar
2019-05-03 17:12:36.593+0000 INFO [o.n.k.i.DiagnosticsManager]  [classpath + loader.0] file:/home/wecalderonc/code/tests/water-metter-neo4j/db/neo4j/development/lib/rhino-1.7.9.jar
2019-05-03 17:12:36.593+0000 INFO [o.n.k.i.DiagnosticsManager]  [classpath + loader.0] file:/home/wecalderonc/code/tests/water-metter-neo4j/db/neo4j/development/lib/jsr311-api-1.1.2.r612.jar
2019-05-03 17:12:36.593+0000 INFO [o.n.k.i.DiagnosticsManager]  [classpath + loader.0] file:/home/wecalderonc/code/tests/water-metter-neo4j/db/neo4j/development/lib/neo4j-ssl-3.4.1.jar
2019-05-03 17:12:36.593+0000 INFO [o.n.k.i.DiagnosticsManager]  [bootstrap] /usr/lib/jvm/java-8-oracle/jre/lib/jsse.jar
2019-05-03 17:12:36.594+0000 INFO [o.n.k.i.DiagnosticsManager]  [classpath + loader.0] file:/home/wecalderonc/code/tests/water-metter-neo4j/db/neo4j/development/lib/neo4j-cypher-compiler-2.3-2.3.12.jar
2019-05-03 17:12:36.594+0000 INFO [o.n.k.i.DiagnosticsManager]  [classpath + loader.0] file:/home/wecalderonc/code/tests/water-metter-neo4j/db/neo4j/development/lib/commons-compress-1.16.1.jar
2019-05-03 17:12:36.594+0000 INFO [o.n.k.i.DiagnosticsManager]  [loader.1] file:/usr/lib/jvm/java-8-oracle/jre/lib/ext/cldrdata.jar
2019-05-03 17:12:36.594+0000 INFO [o.n.k.i.DiagnosticsManager]  [classpath + loader.0] file:/home/wecalderonc/code/tests/water-metter-neo4j/db/neo4j/development/lib/neo4j-logging-3.4.1.jar
2019-05-03 17:12:36.594+0000 INFO [o.n.k.i.DiagnosticsManager]  [classpath + loader.0] file:/usr/lib/jvm/java-8-oracle/lib/tools.jar
2019-05-03 17:12:36.594+0000 INFO [o.n.k.i.DiagnosticsManager]  [loader.1] file:/usr/lib/jvm/java-8-oracle/jre/lib/ext/sunec.jar
2019-05-03 17:12:36.594+0000 INFO [o.n.k.i.DiagnosticsManager]  [classpath + loader.0] file:/home/wecalderonc/code/tests/water-metter-neo4j/db/neo4j/development/lib/neo4j-configuration-3.4.1.jar
2019-05-03 17:12:36.594+0000 INFO [o.n.k.i.DiagnosticsManager]  [classpath + loader.0] file:/home/wecalderonc/code/tests/water-metter-neo4j/db/neo4j/development/lib/jetty-server-9.4.8.v20171121.jar
2019-05-03 17:12:36.594+0000 INFO [o.n.k.i.DiagnosticsManager]  [classpath + loader.0] file:/home/wecalderonc/code/tests/water-metter-neo4j/db/neo4j/development/plugins/*
2019-05-03 17:12:36.594+0000 INFO [o.n.k.i.DiagnosticsManager]  [classpath + loader.0] file:/home/wecalderonc/code/tests/water-metter-neo4j/db/neo4j/development/lib/neo4j-cypher-3.4.1.jar
2019-05-03 17:12:36.594+0000 INFO [o.n.k.i.DiagnosticsManager]  [classpath + loader.0] file:/home/wecalderonc/code/tests/water-metter-neo4j/db/neo4j/development/lib/jline-2.12.jar
2019-05-03 17:12:36.595+0000 INFO [o.n.k.i.DiagnosticsManager]  [classpath + loader.0] file:/home/wecalderonc/code/tests/water-metter-neo4j/db/neo4j/development/lib/neo4j-resource-3.4.1.jar
2019-05-03 17:12:36.595+0000 INFO [o.n.k.i.DiagnosticsManager]  [classpath + loader.0] file:/home/wecalderonc/code/tests/water-metter-neo4j/db/neo4j/development/lib/neo4j-cypher-frontend-3.1-3.1.8.jar
2019-05-03 17:12:36.595+0000 INFO [o.n.k.i.DiagnosticsManager]  [classpath + loader.0] file:/home/wecalderonc/code/tests/water-metter-neo4j/db/neo4j/development/lib/jetty-http-9.4.8.v20171121.jar
2019-05-03 17:12:36.595+0000 INFO [o.n.k.i.DiagnosticsManager]  [classpath + loader.0] file:/home/wecalderonc/code/tests/water-metter-neo4j/db/neo4j/development/lib/opencsv-2.3.jar
2019-05-03 17:12:36.595+0000 INFO [o.n.k.i.DiagnosticsManager]  [classpath + loader.0] file:/home/wecalderonc/code/tests/water-metter-neo4j/db/neo4j/development/lib/neo4j-graph-matching-3.1.6.jar
2019-05-03 17:12:36.595+0000 INFO [o.n.k.i.DiagnosticsManager]  [loader.1] file:/usr/lib/jvm/java-8-oracle/jre/lib/ext/sunjce_provider.jar
2019-05-03 17:12:36.595+0000 INFO [o.n.k.i.DiagnosticsManager]  [classpath + loader.0] file:/home/wecalderonc/code/tests/water-metter-neo4j/db/neo4j/development/lib/neo4j-jmx-3.4.1.jar
2019-05-03 17:12:36.595+0000 INFO [o.n.k.i.DiagnosticsManager]  [classpath + loader.0] file:/home/wecalderonc/code/tests/water-metter-neo4j/db/neo4j/development/lib/jetty-servlet-9.4.8.v20171121.jar
2019-05-03 17:12:36.595+0000 INFO [o.n.k.i.DiagnosticsManager]  [classpath + loader.0] file:/home/wecalderonc/code/tests/water-metter-neo4j/db/neo4j/development/lib/neo4j-dbms-3.4.1.jar
2019-05-03 17:12:36.595+0000 INFO [o.n.k.i.DiagnosticsManager]  [classpath + loader.0] file:/home/wecalderonc/code/tests/water-metter-neo4j/db/neo4j/development/lib/neo4j-cypher-planner-3.4-3.4.1.jar
2019-05-03 17:12:36.595+0000 INFO [o.n.k.i.DiagnosticsManager]  [classpath + loader.0] file:/home/wecalderonc/code/tests/water-metter-neo4j/db/neo4j/development/lib/neo4j-cypher-ir-3.3-3.3.5.jar
2019-05-03 17:12:36.596+0000 INFO [o.n.k.i.DiagnosticsManager]  [classpath + loader.0] file:/home/wecalderonc/code/tests/water-metter-neo4j/db/neo4j/development/lib/bcprov-jdk15on-1.59.jar
2019-05-03 17:12:36.596+0000 INFO [o.n.k.i.DiagnosticsManager]  [classpath + loader.0] file:/home/wecalderonc/code/tests/water-metter-neo4j/db/neo4j/development/lib/neo4j-cypher-frontend-3.3-3.3.5.jar
2019-05-03 17:12:36.596+0000 INFO [o.n.k.i.DiagnosticsManager]  [classpath + loader.0] file:/home/wecalderonc/code/tests/water-metter-neo4j/db/neo4j/development/lib/neo4j-cypher-compiler-3.3-3.3.5.jar
2019-05-03 17:12:36.596+0000 INFO [o.n.k.i.DiagnosticsManager]  [classpath + loader.0] file:/home/wecalderonc/code/tests/water-metter-neo4j/db/neo4j/development/lib/neo4j-cypher-util-3.4-3.4.1.jar
2019-05-03 17:12:36.596+0000 INFO [o.n.k.i.DiagnosticsManager]  [classpath + loader.0] file:/home/wecalderonc/code/tests/water-metter-neo4j/db/neo4j/development/lib/neo4j-primitive-collections-3.4.1.jar
2019-05-03 17:12:36.596+0000 INFO [o.n.k.i.DiagnosticsManager]  [classpath + loader.0] file:/home/wecalderonc/code/tests/water-metter-neo4j/db/neo4j/development/lib/neo4j-bolt-3.4.1.jar
2019-05-03 17:12:36.596+0000 INFO [o.n.k.i.DiagnosticsManager]  [classpath + loader.0] file:/home/wecalderonc/code/tests/water-metter-neo4j/db/neo4j/development/lib/neo4j-cypher-compiler-3.1-3.1.8.jar
2019-05-03 17:12:36.596+0000 INFO [o.n.k.i.DiagnosticsManager]  [loader.1] file:/usr/lib/jvm/java-8-oracle/jre/lib/ext/dnsns.jar
2019-05-03 17:12:36.596+0000 INFO [o.n.k.i.DiagnosticsManager]  [classpath + loader.0] file:/home/wecalderonc/code/tests/water-metter-neo4j/db/neo4j/development/lib/lucene-analyzers-common-5.5.5.jar
2019-05-03 17:12:36.596+0000 INFO [o.n.k.i.DiagnosticsManager]  [classpath + loader.0] file:/home/wecalderonc/code/tests/water-metter-neo4j/db/neo4j/development/lib/neo4j-csv-3.4.1.jar
2019-05-03 17:12:36.596+0000 INFO [o.n.k.i.DiagnosticsManager]  [classpath + loader.0] file:/home/wecalderonc/code/tests/water-metter-neo4j/db/neo4j/development/lib/openCypher-frontend-1-3.4.1.jar
2019-05-03 17:12:36.597+0000 INFO [o.n.k.i.DiagnosticsManager]  [classpath + loader.0] file:/home/wecalderonc/code/tests/water-metter-neo4j/db/neo4j/development/lib/neo4j-shell-3.4.1.jar
2019-05-03 17:12:36.597+0000 INFO [o.n.k.i.DiagnosticsManager]  [classpath + loader.0] file:/home/wecalderonc/code/tests/water-metter-neo4j/db/neo4j/development/lib/neo4j-udc-3.4.1.jar
2019-05-03 17:12:36.597+0000 INFO [o.n.k.i.DiagnosticsManager]  [classpath + loader.0] file:/home/wecalderonc/code/tests/water-metter-neo4j/db/neo4j/development/lib/neo4j-cypher-planner-spi-3.4-3.4.1.jar
2019-05-03 17:12:36.597+0000 INFO [o.n.k.i.DiagnosticsManager]  [classpath + loader.0] file:/home/wecalderonc/code/tests/water-metter-neo4j/db/neo4j/development/lib/neo4j-cypher-logical-plans-3.3-3.3.5.jar
2019-05-03 17:12:36.597+0000 INFO [o.n.k.i.DiagnosticsManager]  [classpath + loader.0] file:/home/wecalderonc/code/tests/water-metter-neo4j/db/neo4j/development/lib/commons-configuration-1.10.jar
2019-05-03 17:12:36.597+0000 INFO [o.n.k.i.DiagnosticsManager]  [classpath + loader.0] file:/home/wecalderonc/code/tests/water-metter-neo4j/db/neo4j/development/plugins/
2019-05-03 17:12:36.597+0000 INFO [o.n.k.i.DiagnosticsManager]  [classpath + loader.0] file:/home/wecalderonc/code/tests/water-metter-neo4j/db/neo4j/development/lib/neo4j-kernel-3.4.1.jar
2019-05-03 17:12:36.597+0000 INFO [o.n.k.i.DiagnosticsManager]  [classpath + loader.0] file:/home/wecalderonc/code/tests/water-metter-neo4j/db/neo4j/development/lib/lucene-codecs-5.5.5.jar
2019-05-03 17:12:36.597+0000 INFO [o.n.k.i.DiagnosticsManager]  [classpath + loader.0] file:/home/wecalderonc/code/tests/water-metter-neo4j/db/neo4j/development/conf/
2019-05-03 17:12:36.597+0000 INFO [o.n.k.i.DiagnosticsManager]  [loader.1] file:/usr/lib/jvm/java-8-oracle/jre/lib/ext/jfxrt.jar
2019-05-03 17:12:36.598+0000 INFO [o.n.k.i.DiagnosticsManager]  [bootstrap] /usr/lib/jvm/java-8-oracle/jre/lib/jce.jar
2019-05-03 17:12:36.598+0000 INFO [o.n.k.i.DiagnosticsManager]  [classpath + loader.0] file:/home/wecalderonc/code/tests/water-metter-neo4j/db/neo4j/development/lib/neo4j-graphdb-api-3.4.1.jar
2019-05-03 17:12:36.598+0000 INFO [o.n.k.i.DiagnosticsManager]  [classpath + loader.0] file:/home/wecalderonc/code/tests/water-metter-neo4j/db/neo4j/development/lib/lucene-queryparser-5.5.5.jar
2019-05-03 17:12:36.598+0000 INFO [o.n.k.i.DiagnosticsManager]  [classpath + loader.0] file:/home/wecalderonc/code/tests/water-metter-neo4j/db/neo4j/development/lib/neo4j-index-3.4.1.jar
2019-05-03 17:12:36.598+0000 INFO [o.n.k.i.DiagnosticsManager]  [loader.1] file:/usr/lib/jvm/java-8-oracle/jre/lib/ext/jaccess.jar
2019-05-03 17:12:36.598+0000 INFO [o.n.k.i.DiagnosticsManager]  [classpath + loader.0] file:/home/wecalderonc/code/tests/water-metter-neo4j/db/neo4j/development/lib/concurrentlinkedhashmap-lru-1.4.2.jar
2019-05-03 17:12:36.598+0000 INFO [o.n.k.i.DiagnosticsManager]  [classpath + loader.0] file:/home/wecalderonc/code/tests/water-metter-neo4j/db/neo4j/development/lib/neo4j-cypher-runtime-util-3.4.1.jar
2019-05-03 17:12:36.598+0000 INFO [o.n.k.i.DiagnosticsManager]  [classpath + loader.0] file:/home/wecalderonc/code/tests/water-metter-neo4j/db/neo4j/development/lib/neo4j-cypher-interpreted-runtime-3.4.1.jar
2019-05-03 17:12:36.598+0000 INFO [o.n.k.i.DiagnosticsManager]  [classpath + loader.0] file:/home/wecalderonc/code/tests/water-metter-neo4j/db/neo4j/development/lib/jersey-server-1.19.3.jar
2019-05-03 17:12:36.598+0000 INFO [o.n.k.i.DiagnosticsManager]  [classpath + loader.0] file:/home/wecalderonc/code/tests/water-metter-neo4j/db/neo4j/development/lib/objenesis-2.6.jar
2019-05-03 17:12:36.599+0000 INFO [o.n.k.i.DiagnosticsManager]  [loader.1] file:/usr/lib/jvm/java-8-oracle/jre/lib/ext/sunpkcs11.jar
2019-05-03 17:12:36.599+0000 INFO [o.n.k.i.DiagnosticsManager]  [classpath + loader.0] file:/home/wecalderonc/code/tests/water-metter-neo4j/db/neo4j/development/lib/lucene-core-5.5.5.jar
2019-05-03 17:12:36.599+0000 INFO [o.n.k.i.DiagnosticsManager]  [classpath + loader.0] file:/home/wecalderonc/code/tests/water-metter-neo4j/db/neo4j/development/lib/neo4j-consistency-check-3.4.1.jar
2019-05-03 17:12:36.599+0000 INFO [o.n.k.i.DiagnosticsManager]  [classpath + loader.0] file:/home/wecalderonc/code/tests/water-metter-neo4j/db/neo4j/development/lib/neo4j-cypher-expression-3.4-3.4.1.jar
2019-05-03 17:12:36.599+0000 INFO [o.n.k.i.DiagnosticsManager]  [classpath + loader.0] file:/home/wecalderonc/code/tests/water-metter-neo4j/db/neo4j/development/lib/commons-io-2.6.jar
2019-05-03 17:12:36.599+0000 INFO [o.n.k.i.DiagnosticsManager]  [classpath + loader.0] file:/home/wecalderonc/code/tests/water-metter-neo4j/db/neo4j/development/lib/neo4j-security-3.4.1.jar
2019-05-03 17:12:36.599+0000 INFO [o.n.k.i.DiagnosticsManager]  [classpath + loader.0] file:/home/wecalderonc/code/tests/water-metter-neo4j/db/neo4j/development/lib/neo4j-unsafe-3.4.1.jar
2019-05-03 17:12:36.599+0000 INFO [o.n.k.i.DiagnosticsManager]  [classpath + loader.0] file:/home/wecalderonc/code/tests/water-metter-neo4j/db/neo4j/development/lib/netty-all-4.1.24.Final.jar
2019-05-03 17:12:36.599+0000 INFO [o.n.k.i.DiagnosticsManager]  [classpath + loader.0] file:/home/wecalderonc/code/tests/water-metter-neo4j/db/neo4j/development/lib/neo4j-values-3.4.1.jar
2019-05-03 17:12:36.599+0000 INFO [o.n.k.i.DiagnosticsManager]  [bootstrap] /usr/lib/jvm/java-8-oracle/jre/lib/rt.jar
2019-05-03 17:12:36.599+0000 INFO [o.n.k.i.DiagnosticsManager]  [classpath + loader.0] file:/home/wecalderonc/code/tests/water-metter-neo4j/db/neo4j/development/lib/commons-logging-1.1.1.jar
2019-05-03 17:12:36.599+0000 INFO [o.n.k.i.DiagnosticsManager]  [classpath + loader.0] file:/home/wecalderonc/code/tests/water-metter-neo4j/db/neo4j/development/lib/neo4j-lucene-upgrade-3.4.1.jar
2019-05-03 17:12:36.600+0000 INFO [o.n.k.i.DiagnosticsManager]  [classpath + loader.0] file:/home/wecalderonc/code/tests/water-metter-neo4j/db/neo4j/development/lib/jackson-mapper-asl-1.9.13.jar
2019-05-03 17:12:36.600+0000 INFO [o.n.k.i.DiagnosticsManager]  [bootstrap] /usr/lib/jvm/java-8-oracle/jre/lib/charsets.jar
2019-05-03 17:12:36.600+0000 INFO [o.n.k.i.DiagnosticsManager]  [classpath + loader.0] file:/home/wecalderonc/code/tests/water-metter-neo4j/db/neo4j/development/lib/neo4j-spatial-index-3.4.1.jar
2019-05-03 17:12:36.600+0000 INFO [o.n.k.i.DiagnosticsManager]  [classpath + loader.0] file:/home/wecalderonc/code/tests/water-metter-neo4j/db/neo4j/development/lib/neo4j-cypher-logical-plans-3.4-3.4.1.jar
2019-05-03 17:12:36.600+0000 INFO [o.n.k.i.DiagnosticsManager]  [classpath + loader.0] file:/home/wecalderonc/code/tests/water-metter-neo4j/db/neo4j/development/lib/neo4j-codegen-3.4.1.jar
2019-05-03 17:12:36.600+0000 INFO [o.n.k.i.DiagnosticsManager]  [classpath + loader.0] file:/home/wecalderonc/code/tests/water-metter-neo4j/db/neo4j/development/lib/bcpkix-jdk15on-1.59.jar
2019-05-03 17:12:36.600+0000 INFO [o.n.k.i.DiagnosticsManager]  [classpath + loader.0] file:/home/wecalderonc/code/tests/water-metter-neo4j/db/neo4j/development/lib/commons-lang-2.6.jar
2019-05-03 17:12:36.600+0000 INFO [o.n.k.i.DiagnosticsManager]  [classpath + loader.0] file:/home/wecalderonc/code/tests/water-metter-neo4j/db/neo4j/development/lib/neo4j-graph-algo-3.4.1.jar
2019-05-03 17:12:36.600+0000 INFO [o.n.k.i.DiagnosticsManager]  [classpath + loader.0] file:/home/wecalderonc/code/tests/water-metter-neo4j/db/neo4j/development/lib/commons-lang3-3.7.jar
2019-05-03 17:12:36.600+0000 INFO [o.n.k.i.DiagnosticsManager]  [classpath + loader.0] file:/home/wecalderonc/code/tests/water-metter-neo4j/db/neo4j/development/lib/jetty-util-9.4.8.v20171121.jar
2019-05-03 17:12:36.600+0000 INFO [o.n.k.i.DiagnosticsManager]  [classpath + loader.0] file:/home/wecalderonc/code/tests/water-metter-neo4j/db/neo4j/development/lib/neo4j-cypher-frontend-2.3-2.3.12.jar
2019-05-03 17:12:36.600+0000 INFO [o.n.k.i.DiagnosticsManager]  [classpath + loader.0] file:/home/wecalderonc/code/tests/water-metter-neo4j/db/neo4j/development/lib/jersey-core-1.19.3.jar
2019-05-03 17:12:36.601+0000 INFO [o.n.k.i.DiagnosticsManager]  [classpath + loader.0] file:/home/wecalderonc/code/tests/water-metter-neo4j/db/neo4j/development/lib/parboiled-scala_2.11-1.1.7.jar
2019-05-03 17:12:36.601+0000 INFO [o.n.k.i.DiagnosticsManager]  [bootstrap] /usr/lib/jvm/java-8-oracle/jre/classes
2019-05-03 17:12:36.601+0000 INFO [o.n.k.i.DiagnosticsManager]  [classpath + loader.0] file:/home/wecalderonc/code/tests/water-metter-neo4j/db/neo4j/development/lib/neo4j-lucene-index-3.4.1.jar
2019-05-03 17:12:36.601+0000 INFO [o.n.k.i.DiagnosticsManager]  [classpath + loader.0] file:/home/wecalderonc/code/tests/water-metter-neo4j/db/neo4j/development/lib/caffeine-2.6.2.jar
2019-05-03 17:12:36.601+0000 INFO [o.n.k.i.DiagnosticsManager]  [classpath + loader.0] file:/home/wecalderonc/code/tests/water-metter-neo4j/db/neo4j/development/lib/neo4j-common-3.4.1.jar
2019-05-03 17:12:36.601+0000 INFO [o.n.k.i.DiagnosticsManager]  [classpath + loader.0] file:/home/wecalderonc/code/tests/water-metter-neo4j/db/neo4j/development/lib/jProcesses-1.6.4.jar
2019-05-03 17:12:36.601+0000 INFO [o.n.k.i.DiagnosticsManager]  [classpath + loader.0] file:/home/wecalderonc/code/tests/water-metter-neo4j/db/neo4j/development/lib/jetty-xml-9.4.8.v20171121.jar
2019-05-03 17:12:36.601+0000 INFO [o.n.k.i.DiagnosticsManager]  [classpath + loader.0] file:/home/wecalderonc/code/tests/water-metter-neo4j/db/neo4j/development/lib/neo4j-collections-3.4.1.jar
2019-05-03 17:12:36.601+0000 INFO [o.n.k.i.DiagnosticsManager]  [loader.1] file:/usr/lib/jvm/java-8-oracle/jre/lib/ext/nashorn.jar
2019-05-03 17:12:36.601+0000 INFO [o.n.k.i.DiagnosticsManager]  [classpath + loader.0] file:/home/wecalderonc/code/tests/water-metter-neo4j/db/neo4j/development/lib/scala-library-2.11.12.jar
2019-05-03 17:12:36.602+0000 INFO [o.n.k.i.DiagnosticsManager]  [classpath + loader.0] file:/home/wecalderonc/code/tests/water-metter-neo4j/db/neo4j/development/lib/jetty-io-9.4.8.v20171121.jar
2019-05-03 17:12:36.602+0000 INFO [o.n.k.i.DiagnosticsManager]  [classpath + loader.0] file:/home/wecalderonc/code/tests/water-metter-neo4j/db/neo4j/development/lib/javax.servlet-api-3.1.0.jar
2019-05-03 17:12:36.602+0000 INFO [o.n.k.i.DiagnosticsManager]  [classpath + loader.0] file:/home/wecalderonc/code/tests/water-metter-neo4j/db/neo4j/development/lib/server-api-3.4.1.jar
2019-05-03 17:12:36.602+0000 INFO [o.n.k.i.DiagnosticsManager]  [classpath + loader.0] file:/home/wecalderonc/code/tests/water-metter-neo4j/db/neo4j/development/lib/jackson-jaxrs-1.9.13.jar
2019-05-03 17:12:36.602+0000 INFO [o.n.k.i.DiagnosticsManager]  [bootstrap] /usr/lib/jvm/java-8-oracle/jre/lib/sunrsasign.jar
2019-05-03 17:12:36.602+0000 INFO [o.n.k.i.DiagnosticsManager]  [classpath + loader.0] file:/home/wecalderonc/code/tests/water-metter-neo4j/db/neo4j/development/lib/jersey-servlet-1.19.3.jar
2019-05-03 17:12:36.602+0000 INFO [o.n.k.i.DiagnosticsManager]  [classpath + loader.0] file:/home/wecalderonc/code/tests/water-metter-neo4j/db/neo4j/development/lib/jetty-security-9.4.8.v20171121.jar
2019-05-03 17:12:36.602+0000 INFO [o.n.k.i.DiagnosticsManager]  [bootstrap] /usr/lib/jvm/java-8-oracle/jre/lib/resources.jar
2019-05-03 17:12:36.602+0000 INFO [o.n.k.i.DiagnosticsManager]  [classpath + loader.0] file:/home/wecalderonc/code/tests/water-metter-neo4j/db/neo4j/development/lib/neo4j-cypher-ir-3.4-3.4.1.jar
2019-05-03 17:12:36.602+0000 INFO [o.n.k.i.DiagnosticsManager]  [loader.1] file:/usr/lib/jvm/java-8-oracle/jre/lib/ext/localedata.jar
2019-05-03 17:12:36.602+0000 INFO [o.n.k.i.DiagnosticsManager]  [classpath + loader.0] file:/home/wecalderonc/code/tests/water-metter-neo4j/db/neo4j/development/lib/neo4j-kernel-api-3.4.1.jar
2019-05-03 17:12:36.603+0000 INFO [o.n.k.i.DiagnosticsManager]  [classpath + loader.0] file:/home/wecalderonc/code/tests/water-metter-neo4j/db/neo4j/development/lib/WMI4Java-1.6.1.jar
2019-05-03 17:12:36.603+0000 INFO [o.n.k.i.DiagnosticsManager] Library path:
2019-05-03 17:12:36.603+0000 INFO [o.n.k.i.DiagnosticsManager] /usr/java/packages/lib/amd64
2019-05-03 17:12:36.603+0000 INFO [o.n.k.i.DiagnosticsManager] /usr/lib64
2019-05-03 17:12:36.603+0000 INFO [o.n.k.i.DiagnosticsManager] /lib64
2019-05-03 17:12:36.603+0000 INFO [o.n.k.i.DiagnosticsManager] /lib
2019-05-03 17:12:36.603+0000 INFO [o.n.k.i.DiagnosticsManager] /usr/lib
2019-05-03 17:12:36.603+0000 INFO [o.n.k.i.DiagnosticsManager] System.properties:
2019-05-03 17:12:36.604+0000 INFO [o.n.k.i.DiagnosticsManager] sun.boot.library.path = /usr/lib/jvm/java-8-oracle/jre/lib/amd64
2019-05-03 17:12:36.604+0000 INFO [o.n.k.i.DiagnosticsManager] jdk.tls.rejectClientInitiatedRenegotiation = true
2019-05-03 17:12:36.604+0000 INFO [o.n.k.i.DiagnosticsManager] path.separator = :
2019-05-03 17:12:36.604+0000 INFO [o.n.k.i.DiagnosticsManager] file.encoding.pkg = sun.io
2019-05-03 17:12:36.604+0000 INFO [o.n.k.i.DiagnosticsManager] user.country = US
2019-05-03 17:12:36.604+0000 INFO [o.n.k.i.DiagnosticsManager] sun.java.launcher = SUN_STANDARD
2019-05-03 17:12:36.604+0000 INFO [o.n.k.i.DiagnosticsManager] sun.os.patch.level = unknown
2019-05-03 17:12:36.604+0000 INFO [o.n.k.i.DiagnosticsManager] user.dir = /home/wecalderonc/code/tests/water-metter-neo4j
2019-05-03 17:12:36.604+0000 INFO [o.n.k.i.DiagnosticsManager] sun.jnu.encoding = UTF-8
2019-05-03 17:12:36.605+0000 INFO [o.n.k.i.DiagnosticsManager] unsupported.dbms.udc.source = tarball
2019-05-03 17:12:36.605+0000 INFO [o.n.k.i.DiagnosticsManager] sun.management.compiler = HotSpot 64-Bit Tiered Compilers
2019-05-03 17:12:36.605+0000 INFO [o.n.k.i.DiagnosticsManager] user.home = /home/wecalderonc
2019-05-03 17:12:36.605+0000 INFO [o.n.k.i.DiagnosticsManager] user.timezone = America/Bogota
2019-05-03 17:12:36.605+0000 INFO [o.n.k.i.DiagnosticsManager] file.encoding = UTF-8
2019-05-03 17:12:36.605+0000 INFO [o.n.k.i.DiagnosticsManager] user.name = wecalderonc
2019-05-03 17:12:36.605+0000 INFO [o.n.k.i.DiagnosticsManager] sun.java.command = org.neo4j.server.CommunityEntryPoint --home-dir=/home/wecalderonc/code/tests/water-metter-neo4j/db/neo4j/development --config-dir=/home/wecalderonc/code/tests/water-metter-neo4j/db/neo4j/development/conf
2019-05-03 17:12:36.605+0000 INFO [o.n.k.i.DiagnosticsManager] sun.arch.data.model = 64
2019-05-03 17:12:36.605+0000 INFO [o.n.k.i.DiagnosticsManager] user.language = en
2019-05-03 17:12:36.605+0000 INFO [o.n.k.i.DiagnosticsManager] awt.toolkit = sun.awt.X11.XToolkit
2019-05-03 17:12:36.605+0000 INFO [o.n.k.i.DiagnosticsManager] jdk.tls.ephemeralDHKeySize = 2048
2019-05-03 17:12:36.605+0000 INFO [o.n.k.i.DiagnosticsManager] file.separator = /
2019-05-03 17:12:36.605+0000 INFO [o.n.k.i.DiagnosticsManager] sun.io.unicode.encoding = UnicodeLittle
2019-05-03 17:12:36.606+0000 INFO [o.n.k.i.DiagnosticsManager] sun.cpu.endian = little
2019-05-03 17:12:36.606+0000 INFO [o.n.k.i.DiagnosticsManager] sun.desktop = gnome
2019-05-03 17:12:36.606+0000 INFO [o.n.k.i.DiagnosticsManager] sun.cpu.isalist = 
2019-05-03 17:12:36.606+0000 INFO [o.n.k.i.DiagnosticsManager] (IANA) TimeZone Database Version:
2019-05-03 17:12:36.655+0000 INFO [o.n.k.i.DiagnosticsManager]   TimeZone version: 2018g (available for 599 zone identifiers)
2019-05-03 17:12:36.655+0000 INFO [o.n.k.i.DiagnosticsManager] Linux scheduler information:
2019-05-03 17:12:36.663+0000 INFO [o.n.k.i.DiagnosticsManager] [none] 
2019-05-03 17:12:36.664+0000 INFO [o.n.k.i.DiagnosticsManager] noop deadline [cfq] 
2019-05-03 17:12:36.664+0000 INFO [o.n.k.i.DiagnosticsManager] noop deadline [cfq] 
2019-05-03 17:12:36.664+0000 INFO [o.n.k.i.DiagnosticsManager] [none] 
2019-05-03 17:12:36.664+0000 INFO [o.n.k.i.DiagnosticsManager] [none] 
2019-05-03 17:12:36.665+0000 INFO [o.n.k.i.DiagnosticsManager] [none] 
2019-05-03 17:12:36.665+0000 INFO [o.n.k.i.DiagnosticsManager] [none] 
2019-05-03 17:12:36.665+0000 INFO [o.n.k.i.DiagnosticsManager] noop deadline [cfq] 
2019-05-03 17:12:36.665+0000 INFO [o.n.k.i.DiagnosticsManager] [none] 
2019-05-03 17:12:36.666+0000 INFO [o.n.k.i.DiagnosticsManager] noop deadline [cfq] 
2019-05-03 17:12:36.666+0000 INFO [o.n.k.i.DiagnosticsManager] [none] 
2019-05-03 17:12:36.666+0000 INFO [o.n.k.i.DiagnosticsManager] [none] 
2019-05-03 17:12:36.666+0000 INFO [o.n.k.i.DiagnosticsManager] Network information:
2019-05-03 17:12:36.668+0000 INFO [o.n.k.i.DiagnosticsManager] Interface br-15a589c06a66:
2019-05-03 17:12:36.668+0000 INFO [o.n.k.i.DiagnosticsManager]     address: 172.20.0.1
2019-05-03 17:12:36.668+0000 INFO [o.n.k.i.DiagnosticsManager] Interface docker0:
2019-05-03 17:12:36.668+0000 INFO [o.n.k.i.DiagnosticsManager]     address: 172.17.0.1
2019-05-03 17:12:36.668+0000 INFO [o.n.k.i.DiagnosticsManager] Interface br-f4d6a361c82a:
2019-05-03 17:12:36.668+0000 INFO [o.n.k.i.DiagnosticsManager]     address: 172.19.0.1
2019-05-03 17:12:36.668+0000 INFO [o.n.k.i.DiagnosticsManager] Interface br-be252cbd3e07:
2019-05-03 17:12:36.668+0000 INFO [o.n.k.i.DiagnosticsManager]     address: 172.18.0.1
2019-05-03 17:12:36.668+0000 INFO [o.n.k.i.DiagnosticsManager] Interface br-858d23ec8030:
2019-05-03 17:12:36.669+0000 INFO [o.n.k.i.DiagnosticsManager]     address: 172.21.0.1
2019-05-03 17:12:36.669+0000 INFO [o.n.k.i.DiagnosticsManager] Interface br-47a6e216653b:
2019-05-03 17:12:36.669+0000 INFO [o.n.k.i.DiagnosticsManager]     address: 172.22.0.1
2019-05-03 17:12:36.669+0000 INFO [o.n.k.i.DiagnosticsManager] Interface wlp3s0:
2019-05-03 17:12:36.669+0000 INFO [o.n.k.i.DiagnosticsManager]     address: fe80:0:0:0:5e25:c1db:63b1:da66%wlp3s0
2019-05-03 17:12:36.669+0000 INFO [o.n.k.i.DiagnosticsManager]     address: 192.168.0.7
2019-05-03 17:12:36.669+0000 INFO [o.n.k.i.DiagnosticsManager] Interface lo:
2019-05-03 17:12:36.669+0000 INFO [o.n.k.i.DiagnosticsManager]     address: 0:0:0:0:0:0:0:1%lo
2019-05-03 17:12:36.669+0000 INFO [o.n.k.i.DiagnosticsManager]     address: 127.0.0.1
2019-05-03 17:12:36.669+0000 INFO [o.n.k.i.DiagnosticsManager] --- INITIALIZED diagnostics END ---
2019-05-03 17:12:37.607+0000 INFO [o.n.b.BoltKernelExtension] Bolt Server extension loaded.
2019-05-03 17:12:37.961+0000 INFO [o.n.k.i.s.f.RecordFormatSelector] Selected format 'RecordFormat:StandardV3_4[v0.A.9]' for the new store
2019-05-03 17:12:38.540+0000 INFO [o.n.k.i.i.l.NativeLabelScanStore] No scan store found, this might just be first use. Preparing to rebuild.
2019-05-03 17:12:38.576+0000 INFO [o.n.k.NeoStoreDataSource] Rotated to transaction log [/home/wecalderonc/code/tests/water-metter-neo4j/db/neo4j/development/data/databases/graph.db/neostore.transaction.db.0] version=0, last transaction in previous log=1
2019-05-03 17:12:38.577+0000 INFO [o.n.k.NeoStoreDataSource] No commits found after last check point (which is at <no log position given>)
2019-05-03 17:12:38.587+0000 WARN [o.n.k.i.s.MetaDataStore] Missing counts store, rebuilding it.
2019-05-03 17:12:38.664+0000 WARN [o.n.k.i.s.MetaDataStore] Counts store rebuild completed.
2019-05-03 17:12:38.686+0000 INFO [o.n.k.i.i.l.NativeLabelScanStore] Rebuilding scan store, this may take a while
2019-05-03 17:12:38.696+0000 INFO [o.n.k.i.i.l.NativeLabelScanStore] Scan store rebuilt (roughly 0 nodes)
2019-05-03 17:12:38.723+0000 INFO [o.n.k.i.DatabaseHealth] Database health set to OK
2019-05-03 17:12:39.132+0000 INFO [o.n.k.i.t.l.c.CheckPointerImpl] Checkpoint triggered by database shutdown @ txId: 1 checkpoint started...
2019-05-03 17:12:39.148+0000 INFO [o.n.k.i.t.l.c.CheckPointerImpl] Checkpoint triggered by database shutdown @ txId: 1 checkpoint completed in 15ms
2019-05-03 17:12:39.154+0000 INFO [o.n.k.i.t.l.p.LogPruningImpl] No log version pruned, last checkpoint was made in version 0
2019-05-03 17:12:39.180+0000 INFO [o.n.k.i.DiagnosticsManager] --- STOPPING diagnostics START ---
2019-05-03 17:12:39.180+0000 INFO [o.n.k.i.DiagnosticsManager] --- STOPPING diagnostics END ---
2019-05-03 17:12:39.181+0000 INFO [o.n.k.i.f.GraphDatabaseFacadeFactory] Shutdown started
2019-05-03 17:50:04.139+0000 WARN [o.n.i.p.PageCache] The dbms.memory.pagecache.size setting has not been configured. It is recommended that this setting is always explicitly configured, to ensure the system has a balanced configuration. Until then, a computed heuristic value of 3066556416 bytes will be used instead. Run `neo4j-admin memrec` for memory configuration suggestions.
2019-05-03 17:50:04.636+0000 INFO [o.n.k.i.f.CommunityEditionModule] No locking implementation specified, defaulting to 'community'
2019-05-03 17:50:04.873+0000 INFO [o.n.k.AvailabilityGuard] Requirement makes database unavailable: Database available
2019-05-03 17:50:04.890+0000 INFO [o.n.k.i.DiagnosticsManager] --- INITIALIZED diagnostics START ---
2019-05-03 17:50:04.890+0000 INFO [o.n.k.i.DiagnosticsManager] Neo4j Kernel properties:
2019-05-03 17:50:04.891+0000 INFO [o.n.k.i.DiagnosticsManager] dbms.connector.http.enabled=true
2019-05-03 17:50:04.891+0000 INFO [o.n.k.i.DiagnosticsManager] dbms.security.auth_enabled=false
2019-05-03 17:50:04.891+0000 INFO [o.n.k.i.DiagnosticsManager] dbms.windows_service_name=neo4j
2019-05-03 17:50:04.891+0000 INFO [o.n.k.i.DiagnosticsManager] dbms.connector.http.listen_address=localhost:7474
2019-05-03 17:50:04.891+0000 INFO [o.n.k.i.DiagnosticsManager] dbms.connector.https.listen_address=localhost:7473
2019-05-03 17:50:04.891+0000 INFO [o.n.k.i.DiagnosticsManager] unsupported.dbms.directories.neo4j_home=/home/wecalderonc/code/tests/water-metter-neo4j/db/neo4j/development
2019-05-03 17:50:04.891+0000 INFO [o.n.k.i.DiagnosticsManager] dbms.connector.bolt.listen_address=localhost:7472
2019-05-03 17:50:04.892+0000 INFO [o.n.k.i.DiagnosticsManager] dbms.directories.import=import
2019-05-03 17:50:04.892+0000 INFO [o.n.k.i.DiagnosticsManager] unsupported.dbms.edition=community
2019-05-03 17:50:04.892+0000 INFO [o.n.k.i.DiagnosticsManager] dbms.connector.bolt.enabled=true
2019-05-03 17:50:04.892+0000 INFO [o.n.k.i.DiagnosticsManager] dbms.connector.https.enabled=false
2019-05-03 17:50:04.892+0000 INFO [o.n.k.i.DiagnosticsManager] dbms.jvm.additional=-Dunsupported.dbms.udc.source=tarball
2019-05-03 17:50:04.892+0000 INFO [o.n.k.i.DiagnosticsManager] dbms.tx_log.rotation.retention_policy=1 days
2019-05-03 17:50:04.893+0000 INFO [o.n.k.i.DiagnosticsManager] Diagnostics providers:
2019-05-03 17:50:04.893+0000 INFO [o.n.k.i.DiagnosticsManager] org.neo4j.kernel.configuration.Config
2019-05-03 17:50:04.893+0000 INFO [o.n.k.i.DiagnosticsManager] org.neo4j.kernel.info.DiagnosticsManager
2019-05-03 17:50:04.893+0000 INFO [o.n.k.i.DiagnosticsManager] SYSTEM_MEMORY
2019-05-03 17:50:04.893+0000 INFO [o.n.k.i.DiagnosticsManager] JAVA_MEMORY
2019-05-03 17:50:04.893+0000 INFO [o.n.k.i.DiagnosticsManager] OPERATING_SYSTEM
2019-05-03 17:50:04.894+0000 INFO [o.n.k.i.DiagnosticsManager] JAVA_VIRTUAL_MACHINE
2019-05-03 17:50:04.894+0000 INFO [o.n.k.i.DiagnosticsManager] CLASSPATH
2019-05-03 17:50:04.894+0000 INFO [o.n.k.i.DiagnosticsManager] LIBRARY_PATH
2019-05-03 17:50:04.894+0000 INFO [o.n.k.i.DiagnosticsManager] SYSTEM_PROPERTIES
2019-05-03 17:50:04.894+0000 INFO [o.n.k.i.DiagnosticsManager] TIMEZONE_DATABASE
2019-05-03 17:50:04.894+0000 INFO [o.n.k.i.DiagnosticsManager] LINUX_SCHEDULERS
2019-05-03 17:50:04.894+0000 INFO [o.n.k.i.DiagnosticsManager] NETWORK
2019-05-03 17:50:04.895+0000 INFO [o.n.k.i.DiagnosticsManager] System memory information:
2019-05-03 17:50:04.908+0000 INFO [o.n.k.i.DiagnosticsManager] Total Physical memory: 7.62 GB
2019-05-03 17:50:04.908+0000 INFO [o.n.k.i.DiagnosticsManager] Free Physical memory: 1.34 GB
2019-05-03 17:50:04.908+0000 INFO [o.n.k.i.DiagnosticsManager] Committed virtual memory: 4.93 GB
2019-05-03 17:50:04.909+0000 INFO [o.n.k.i.DiagnosticsManager] Total swap space: 3.81 GB
2019-05-03 17:50:04.909+0000 INFO [o.n.k.i.DiagnosticsManager] Free swap space: 3.81 GB
2019-05-03 17:50:04.909+0000 INFO [o.n.k.i.DiagnosticsManager] JVM memory information:
2019-05-03 17:50:04.909+0000 INFO [o.n.k.i.DiagnosticsManager] Free  memory: 54.84 MB
2019-05-03 17:50:04.909+0000 INFO [o.n.k.i.DiagnosticsManager] Total memory: 122.00 MB
2019-05-03 17:50:04.909+0000 INFO [o.n.k.i.DiagnosticsManager] Max   memory: 1.91 GB
2019-05-03 17:50:04.913+0000 INFO [o.n.k.i.DiagnosticsManager] Garbage Collector: G1 Young Generation: [G1 Eden Space, G1 Survivor Space]
2019-05-03 17:50:04.913+0000 INFO [o.n.k.i.DiagnosticsManager] Garbage Collector: G1 Old Generation: [G1 Eden Space, G1 Survivor Space, G1 Old Gen]
2019-05-03 17:50:04.914+0000 INFO [o.n.k.i.DiagnosticsManager] Memory Pool: Code Cache (Non-heap memory): committed=5.56 MB, used=5.53 MB, max=240.00 MB, threshold=0.00 B
2019-05-03 17:50:04.914+0000 INFO [o.n.k.i.DiagnosticsManager] Memory Pool: Metaspace (Non-heap memory): committed=15.13 MB, used=14.17 MB, max=-1.00 B, threshold=0.00 B
2019-05-03 17:50:04.915+0000 INFO [o.n.k.i.DiagnosticsManager] Memory Pool: Compressed Class Space (Non-heap memory): committed=2.13 MB, used=1.87 MB, max=1.00 GB, threshold=0.00 B
2019-05-03 17:50:04.915+0000 INFO [o.n.k.i.DiagnosticsManager] Memory Pool: G1 Eden Space (Heap memory): committed=74.00 MB, used=62.00 MB, max=-1.00 B, threshold=?
2019-05-03 17:50:04.915+0000 INFO [o.n.k.i.DiagnosticsManager] Memory Pool: G1 Survivor Space (Heap memory): committed=3.00 MB, used=3.00 MB, max=-1.00 B, threshold=?
2019-05-03 17:50:04.916+0000 INFO [o.n.k.i.DiagnosticsManager] Memory Pool: G1 Old Gen (Heap memory): committed=45.00 MB, used=1.65 MB, max=1.91 GB, threshold=0.00 B
2019-05-03 17:50:04.916+0000 INFO [o.n.k.i.DiagnosticsManager] Operating system information:
2019-05-03 17:50:04.916+0000 INFO [o.n.k.i.DiagnosticsManager] Operating System: Linux; version: 4.15.0-48-generic; arch: amd64; cpus: 4
2019-05-03 17:50:04.917+0000 INFO [o.n.k.i.DiagnosticsManager] Max number of file descriptors: 1048576
2019-05-03 17:50:04.917+0000 INFO [o.n.k.i.DiagnosticsManager] Number of open file descriptors: 114
2019-05-03 17:50:04.917+0000 INFO [o.n.k.i.DiagnosticsManager] Process id: 4735@w-laptop
2019-05-03 17:50:04.918+0000 INFO [o.n.k.i.DiagnosticsManager] Byte order: LITTLE_ENDIAN
2019-05-03 17:50:04.922+0000 INFO [o.n.k.i.DiagnosticsManager] Local timezone: America/Bogota
2019-05-03 17:50:04.922+0000 INFO [o.n.k.i.DiagnosticsManager] JVM information:
2019-05-03 17:50:04.922+0000 INFO [o.n.k.i.DiagnosticsManager] VM Name: Java HotSpot(TM) 64-Bit Server VM
2019-05-03 17:50:04.922+0000 INFO [o.n.k.i.DiagnosticsManager] VM Vendor: Oracle Corporation
2019-05-03 17:50:04.922+0000 INFO [o.n.k.i.DiagnosticsManager] VM Version: 25.201-b09
2019-05-03 17:50:04.922+0000 INFO [o.n.k.i.DiagnosticsManager] JIT compiler: HotSpot 64-Bit Tiered Compilers
2019-05-03 17:50:04.923+0000 INFO [o.n.k.i.DiagnosticsManager] VM Arguments: [-XX:+UseG1GC, -XX:-OmitStackTraceInFastThrow, -XX:+AlwaysPreTouch, -XX:+UnlockExperimentalVMOptions, -XX:+TrustFinalNonStaticFields, -XX:+DisableExplicitGC, -Djdk.tls.ephemeralDHKeySize=2048, -Djdk.tls.rejectClientInitiatedRenegotiation=true, -Dunsupported.dbms.udc.source=tarball, -Dfile.encoding=UTF-8]
2019-05-03 17:50:04.923+0000 INFO [o.n.k.i.DiagnosticsManager] Java classpath:
2019-05-03 17:50:04.927+0000 INFO [o.n.k.i.DiagnosticsManager]  [classpath + loader.0] file:/home/wecalderonc/code/tests/water-metter-neo4j/db/neo4j/development/lib/jetty-webapp-9.4.8.v20171121.jar
2019-05-03 17:50:04.927+0000 INFO [o.n.k.i.DiagnosticsManager]  [loader.1] file:/usr/lib/jvm/java-8-oracle/jre/lib/ext/zipfs.jar
2019-05-03 17:50:04.927+0000 INFO [o.n.k.i.DiagnosticsManager]  [classpath + loader.0] file:/home/wecalderonc/code/tests/water-metter-neo4j/db/neo4j/development/lib/neo4j-command-line-3.4.1.jar
2019-05-03 17:50:04.928+0000 INFO [o.n.k.i.DiagnosticsManager]  [classpath + loader.0] file:/home/wecalderonc/code/tests/water-metter-neo4j/db/neo4j/development/lib/jackson-core-asl-1.9.13.jar
2019-05-03 17:50:04.928+0000 INFO [o.n.k.i.DiagnosticsManager]  [classpath + loader.0] file:/home/wecalderonc/code/tests/water-metter-neo4j/db/neo4j/development/lib/jPowerShell-1.9.jar
2019-05-03 17:50:04.928+0000 INFO [o.n.k.i.DiagnosticsManager]  [classpath + loader.0] file:/home/wecalderonc/code/tests/water-metter-neo4j/db/neo4j/development/lib/neo4j-import-tool-3.4.1.jar
2019-05-03 17:50:04.928+0000 INFO [o.n.k.i.DiagnosticsManager]  [classpath + loader.0] file:/home/wecalderonc/code/tests/water-metter-neo4j/db/neo4j/development/lib/scala-reflect-2.11.12.jar
2019-05-03 17:50:04.928+0000 INFO [o.n.k.i.DiagnosticsManager]  [bootstrap] /usr/lib/jvm/java-8-oracle/jre/lib/jfr.jar
2019-05-03 17:50:04.928+0000 INFO [o.n.k.i.DiagnosticsManager]  [classpath + loader.0] file:/home/wecalderonc/code/tests/water-metter-neo4j/db/neo4j/development/lib/neo4j-server-3.4.1.jar
2019-05-03 17:50:04.928+0000 INFO [o.n.k.i.DiagnosticsManager]  [classpath + loader.0] file:/home/wecalderonc/code/tests/water-metter-neo4j/db/neo4j/development/lib/neo4j-io-3.4.1.jar
2019-05-03 17:50:04.928+0000 INFO [o.n.k.i.DiagnosticsManager]  [classpath + loader.0] file:/home/wecalderonc/code/tests/water-metter-neo4j/db/neo4j/development/lib/parboiled-core-1.1.7.jar
2019-05-03 17:50:04.928+0000 INFO [o.n.k.i.DiagnosticsManager]  [classpath + loader.0] file:/home/wecalderonc/code/tests/water-metter-neo4j/db/neo4j/development/lib/neo4j-procedure-api-3.4.1.jar
2019-05-03 17:50:04.928+0000 INFO [o.n.k.i.DiagnosticsManager]  [classpath + loader.0] file:/home/wecalderonc/code/tests/water-metter-neo4j/db/neo4j/development/lib/commons-text-1.3.jar
2019-05-03 17:50:04.928+0000 INFO [o.n.k.i.DiagnosticsManager]  [classpath + loader.0] file:/home/wecalderonc/code/tests/water-metter-neo4j/db/neo4j/development/lib/neo4j-browser-3.1.14.jar
2019-05-03 17:50:04.928+0000 INFO [o.n.k.i.DiagnosticsManager]  [classpath + loader.0] file:/home/wecalderonc/code/tests/water-metter-neo4j/db/neo4j/development/lib/rhino-1.7.9.jar
2019-05-03 17:50:04.928+0000 INFO [o.n.k.i.DiagnosticsManager]  [classpath + loader.0] file:/home/wecalderonc/code/tests/water-metter-neo4j/db/neo4j/development/lib/jsr311-api-1.1.2.r612.jar
2019-05-03 17:50:04.928+0000 INFO [o.n.k.i.DiagnosticsManager]  [classpath + loader.0] file:/home/wecalderonc/code/tests/water-metter-neo4j/db/neo4j/development/lib/neo4j-ssl-3.4.1.jar
2019-05-03 17:50:04.929+0000 INFO [o.n.k.i.DiagnosticsManager]  [bootstrap] /usr/lib/jvm/java-8-oracle/jre/lib/jsse.jar
2019-05-03 17:50:04.929+0000 INFO [o.n.k.i.DiagnosticsManager]  [classpath + loader.0] file:/home/wecalderonc/code/tests/water-metter-neo4j/db/neo4j/development/lib/neo4j-cypher-compiler-2.3-2.3.12.jar
2019-05-03 17:50:04.929+0000 INFO [o.n.k.i.DiagnosticsManager]  [classpath + loader.0] file:/home/wecalderonc/code/tests/water-metter-neo4j/db/neo4j/development/lib/commons-compress-1.16.1.jar
2019-05-03 17:50:04.929+0000 INFO [o.n.k.i.DiagnosticsManager]  [loader.1] file:/usr/lib/jvm/java-8-oracle/jre/lib/ext/cldrdata.jar
2019-05-03 17:50:04.929+0000 INFO [o.n.k.i.DiagnosticsManager]  [classpath + loader.0] file:/home/wecalderonc/code/tests/water-metter-neo4j/db/neo4j/development/lib/neo4j-logging-3.4.1.jar
2019-05-03 17:50:04.929+0000 INFO [o.n.k.i.DiagnosticsManager]  [classpath + loader.0] file:/usr/lib/jvm/java-8-oracle/lib/tools.jar
2019-05-03 17:50:04.929+0000 INFO [o.n.k.i.DiagnosticsManager]  [loader.1] file:/usr/lib/jvm/java-8-oracle/jre/lib/ext/sunec.jar
2019-05-03 17:50:04.929+0000 INFO [o.n.k.i.DiagnosticsManager]  [classpath + loader.0] file:/home/wecalderonc/code/tests/water-metter-neo4j/db/neo4j/development/lib/neo4j-configuration-3.4.1.jar
2019-05-03 17:50:04.929+0000 INFO [o.n.k.i.DiagnosticsManager]  [classpath + loader.0] file:/home/wecalderonc/code/tests/water-metter-neo4j/db/neo4j/development/lib/jetty-server-9.4.8.v20171121.jar
2019-05-03 17:50:04.929+0000 INFO [o.n.k.i.DiagnosticsManager]  [classpath + loader.0] file:/home/wecalderonc/code/tests/water-metter-neo4j/db/neo4j/development/plugins/*
2019-05-03 17:50:04.929+0000 INFO [o.n.k.i.DiagnosticsManager]  [classpath + loader.0] file:/home/wecalderonc/code/tests/water-metter-neo4j/db/neo4j/development/lib/neo4j-cypher-3.4.1.jar
2019-05-03 17:50:04.929+0000 INFO [o.n.k.i.DiagnosticsManager]  [classpath + loader.0] file:/home/wecalderonc/code/tests/water-metter-neo4j/db/neo4j/development/lib/jline-2.12.jar
2019-05-03 17:50:04.929+0000 INFO [o.n.k.i.DiagnosticsManager]  [classpath + loader.0] file:/home/wecalderonc/code/tests/water-metter-neo4j/db/neo4j/development/lib/neo4j-resource-3.4.1.jar
2019-05-03 17:50:04.929+0000 INFO [o.n.k.i.DiagnosticsManager]  [classpath + loader.0] file:/home/wecalderonc/code/tests/water-metter-neo4j/db/neo4j/development/lib/neo4j-cypher-frontend-3.1-3.1.8.jar
2019-05-03 17:50:04.929+0000 INFO [o.n.k.i.DiagnosticsManager]  [classpath + loader.0] file:/home/wecalderonc/code/tests/water-metter-neo4j/db/neo4j/development/lib/jetty-http-9.4.8.v20171121.jar
2019-05-03 17:50:04.929+0000 INFO [o.n.k.i.DiagnosticsManager]  [classpath + loader.0] file:/home/wecalderonc/code/tests/water-metter-neo4j/db/neo4j/development/lib/opencsv-2.3.jar
2019-05-03 17:50:04.929+0000 INFO [o.n.k.i.DiagnosticsManager]  [classpath + loader.0] file:/home/wecalderonc/code/tests/water-metter-neo4j/db/neo4j/development/lib/neo4j-graph-matching-3.1.6.jar
2019-05-03 17:50:04.930+0000 INFO [o.n.k.i.DiagnosticsManager]  [loader.1] file:/usr/lib/jvm/java-8-oracle/jre/lib/ext/sunjce_provider.jar
2019-05-03 17:50:04.930+0000 INFO [o.n.k.i.DiagnosticsManager]  [classpath + loader.0] file:/home/wecalderonc/code/tests/water-metter-neo4j/db/neo4j/development/lib/neo4j-jmx-3.4.1.jar
2019-05-03 17:50:04.930+0000 INFO [o.n.k.i.DiagnosticsManager]  [classpath + loader.0] file:/home/wecalderonc/code/tests/water-metter-neo4j/db/neo4j/development/lib/jetty-servlet-9.4.8.v20171121.jar
2019-05-03 17:50:04.930+0000 INFO [o.n.k.i.DiagnosticsManager]  [classpath + loader.0] file:/home/wecalderonc/code/tests/water-metter-neo4j/db/neo4j/development/lib/neo4j-dbms-3.4.1.jar
2019-05-03 17:50:04.930+0000 INFO [o.n.k.i.DiagnosticsManager]  [classpath + loader.0] file:/home/wecalderonc/code/tests/water-metter-neo4j/db/neo4j/development/lib/neo4j-cypher-planner-3.4-3.4.1.jar
2019-05-03 17:50:04.930+0000 INFO [o.n.k.i.DiagnosticsManager]  [classpath + loader.0] file:/home/wecalderonc/code/tests/water-metter-neo4j/db/neo4j/development/lib/neo4j-cypher-ir-3.3-3.3.5.jar
2019-05-03 17:50:04.930+0000 INFO [o.n.k.i.DiagnosticsManager]  [classpath + loader.0] file:/home/wecalderonc/code/tests/water-metter-neo4j/db/neo4j/development/lib/bcprov-jdk15on-1.59.jar
2019-05-03 17:50:04.930+0000 INFO [o.n.k.i.DiagnosticsManager]  [classpath + loader.0] file:/home/wecalderonc/code/tests/water-metter-neo4j/db/neo4j/development/lib/neo4j-cypher-frontend-3.3-3.3.5.jar
2019-05-03 17:50:04.930+0000 INFO [o.n.k.i.DiagnosticsManager]  [classpath + loader.0] file:/home/wecalderonc/code/tests/water-metter-neo4j/db/neo4j/development/lib/neo4j-cypher-compiler-3.3-3.3.5.jar
2019-05-03 17:50:04.930+0000 INFO [o.n.k.i.DiagnosticsManager]  [classpath + loader.0] file:/home/wecalderonc/code/tests/water-metter-neo4j/db/neo4j/development/lib/neo4j-cypher-util-3.4-3.4.1.jar
2019-05-03 17:50:04.930+0000 INFO [o.n.k.i.DiagnosticsManager]  [classpath + loader.0] file:/home/wecalderonc/code/tests/water-metter-neo4j/db/neo4j/development/lib/neo4j-primitive-collections-3.4.1.jar
2019-05-03 17:50:04.930+0000 INFO [o.n.k.i.DiagnosticsManager]  [classpath + loader.0] file:/home/wecalderonc/code/tests/water-metter-neo4j/db/neo4j/development/lib/neo4j-bolt-3.4.1.jar
2019-05-03 17:50:04.930+0000 INFO [o.n.k.i.DiagnosticsManager]  [classpath + loader.0] file:/home/wecalderonc/code/tests/water-metter-neo4j/db/neo4j/development/lib/neo4j-cypher-compiler-3.1-3.1.8.jar
2019-05-03 17:50:04.930+0000 INFO [o.n.k.i.DiagnosticsManager]  [loader.1] file:/usr/lib/jvm/java-8-oracle/jre/lib/ext/dnsns.jar
2019-05-03 17:50:04.930+0000 INFO [o.n.k.i.DiagnosticsManager]  [classpath + loader.0] file:/home/wecalderonc/code/tests/water-metter-neo4j/db/neo4j/development/lib/lucene-analyzers-common-5.5.5.jar
2019-05-03 17:50:04.930+0000 INFO [o.n.k.i.DiagnosticsManager]  [classpath + loader.0] file:/home/wecalderonc/code/tests/water-metter-neo4j/db/neo4j/development/lib/neo4j-csv-3.4.1.jar
2019-05-03 17:50:04.931+0000 INFO [o.n.k.i.DiagnosticsManager]  [classpath + loader.0] file:/home/wecalderonc/code/tests/water-metter-neo4j/db/neo4j/development/lib/openCypher-frontend-1-3.4.1.jar
2019-05-03 17:50:04.931+0000 INFO [o.n.k.i.DiagnosticsManager]  [classpath + loader.0] file:/home/wecalderonc/code/tests/water-metter-neo4j/db/neo4j/development/lib/neo4j-shell-3.4.1.jar
2019-05-03 17:50:04.931+0000 INFO [o.n.k.i.DiagnosticsManager]  [classpath + loader.0] file:/home/wecalderonc/code/tests/water-metter-neo4j/db/neo4j/development/lib/neo4j-udc-3.4.1.jar
2019-05-03 17:50:04.931+0000 INFO [o.n.k.i.DiagnosticsManager]  [classpath + loader.0] file:/home/wecalderonc/code/tests/water-metter-neo4j/db/neo4j/development/lib/neo4j-cypher-planner-spi-3.4-3.4.1.jar
2019-05-03 17:50:04.931+0000 INFO [o.n.k.i.DiagnosticsManager]  [classpath + loader.0] file:/home/wecalderonc/code/tests/water-metter-neo4j/db/neo4j/development/lib/neo4j-cypher-logical-plans-3.3-3.3.5.jar
2019-05-03 17:50:04.931+0000 INFO [o.n.k.i.DiagnosticsManager]  [classpath + loader.0] file:/home/wecalderonc/code/tests/water-metter-neo4j/db/neo4j/development/lib/commons-configuration-1.10.jar
2019-05-03 17:50:04.931+0000 INFO [o.n.k.i.DiagnosticsManager]  [classpath + loader.0] file:/home/wecalderonc/code/tests/water-metter-neo4j/db/neo4j/development/plugins/
2019-05-03 17:50:04.931+0000 INFO [o.n.k.i.DiagnosticsManager]  [classpath + loader.0] file:/home/wecalderonc/code/tests/water-metter-neo4j/db/neo4j/development/lib/neo4j-kernel-3.4.1.jar
2019-05-03 17:50:04.931+0000 INFO [o.n.k.i.DiagnosticsManager]  [classpath + loader.0] file:/home/wecalderonc/code/tests/water-metter-neo4j/db/neo4j/development/lib/lucene-codecs-5.5.5.jar
2019-05-03 17:50:04.931+0000 INFO [o.n.k.i.DiagnosticsManager]  [classpath + loader.0] file:/home/wecalderonc/code/tests/water-metter-neo4j/db/neo4j/development/conf/
2019-05-03 17:50:04.931+0000 INFO [o.n.k.i.DiagnosticsManager]  [loader.1] file:/usr/lib/jvm/java-8-oracle/jre/lib/ext/jfxrt.jar
2019-05-03 17:50:04.931+0000 INFO [o.n.k.i.DiagnosticsManager]  [bootstrap] /usr/lib/jvm/java-8-oracle/jre/lib/jce.jar
2019-05-03 17:50:04.931+0000 INFO [o.n.k.i.DiagnosticsManager]  [classpath + loader.0] file:/home/wecalderonc/code/tests/water-metter-neo4j/db/neo4j/development/lib/neo4j-graphdb-api-3.4.1.jar
2019-05-03 17:50:04.931+0000 INFO [o.n.k.i.DiagnosticsManager]  [classpath + loader.0] file:/home/wecalderonc/code/tests/water-metter-neo4j/db/neo4j/development/lib/lucene-queryparser-5.5.5.jar
2019-05-03 17:50:04.932+0000 INFO [o.n.k.i.DiagnosticsManager]  [classpath + loader.0] file:/home/wecalderonc/code/tests/water-metter-neo4j/db/neo4j/development/lib/neo4j-index-3.4.1.jar
2019-05-03 17:50:04.932+0000 INFO [o.n.k.i.DiagnosticsManager]  [loader.1] file:/usr/lib/jvm/java-8-oracle/jre/lib/ext/jaccess.jar
2019-05-03 17:50:04.932+0000 INFO [o.n.k.i.DiagnosticsManager]  [classpath + loader.0] file:/home/wecalderonc/code/tests/water-metter-neo4j/db/neo4j/development/lib/concurrentlinkedhashmap-lru-1.4.2.jar
2019-05-03 17:50:04.932+0000 INFO [o.n.k.i.DiagnosticsManager]  [classpath + loader.0] file:/home/wecalderonc/code/tests/water-metter-neo4j/db/neo4j/development/lib/neo4j-cypher-runtime-util-3.4.1.jar
2019-05-03 17:50:04.932+0000 INFO [o.n.k.i.DiagnosticsManager]  [classpath + loader.0] file:/home/wecalderonc/code/tests/water-metter-neo4j/db/neo4j/development/lib/neo4j-cypher-interpreted-runtime-3.4.1.jar
2019-05-03 17:50:04.932+0000 INFO [o.n.k.i.DiagnosticsManager]  [classpath + loader.0] file:/home/wecalderonc/code/tests/water-metter-neo4j/db/neo4j/development/lib/jersey-server-1.19.3.jar
2019-05-03 17:50:04.932+0000 INFO [o.n.k.i.DiagnosticsManager]  [classpath + loader.0] file:/home/wecalderonc/code/tests/water-metter-neo4j/db/neo4j/development/lib/objenesis-2.6.jar
2019-05-03 17:50:04.932+0000 INFO [o.n.k.i.DiagnosticsManager]  [loader.1] file:/usr/lib/jvm/java-8-oracle/jre/lib/ext/sunpkcs11.jar
2019-05-03 17:50:04.932+0000 INFO [o.n.k.i.DiagnosticsManager]  [classpath + loader.0] file:/home/wecalderonc/code/tests/water-metter-neo4j/db/neo4j/development/lib/lucene-core-5.5.5.jar
2019-05-03 17:50:04.932+0000 INFO [o.n.k.i.DiagnosticsManager]  [classpath + loader.0] file:/home/wecalderonc/code/tests/water-metter-neo4j/db/neo4j/development/lib/neo4j-consistency-check-3.4.1.jar
2019-05-03 17:50:04.932+0000 INFO [o.n.k.i.DiagnosticsManager]  [classpath + loader.0] file:/home/wecalderonc/code/tests/water-metter-neo4j/db/neo4j/development/lib/neo4j-cypher-expression-3.4-3.4.1.jar
2019-05-03 17:50:04.932+0000 INFO [o.n.k.i.DiagnosticsManager]  [classpath + loader.0] file:/home/wecalderonc/code/tests/water-metter-neo4j/db/neo4j/development/lib/commons-io-2.6.jar
2019-05-03 17:50:04.932+0000 INFO [o.n.k.i.DiagnosticsManager]  [classpath + loader.0] file:/home/wecalderonc/code/tests/water-metter-neo4j/db/neo4j/development/lib/neo4j-security-3.4.1.jar
2019-05-03 17:50:04.932+0000 INFO [o.n.k.i.DiagnosticsManager]  [classpath + loader.0] file:/home/wecalderonc/code/tests/water-metter-neo4j/db/neo4j/development/lib/neo4j-unsafe-3.4.1.jar
2019-05-03 17:50:04.932+0000 INFO [o.n.k.i.DiagnosticsManager]  [classpath + loader.0] file:/home/wecalderonc/code/tests/water-metter-neo4j/db/neo4j/development/lib/netty-all-4.1.24.Final.jar
2019-05-03 17:50:04.932+0000 INFO [o.n.k.i.DiagnosticsManager]  [classpath + loader.0] file:/home/wecalderonc/code/tests/water-metter-neo4j/db/neo4j/development/lib/neo4j-values-3.4.1.jar
2019-05-03 17:50:04.932+0000 INFO [o.n.k.i.DiagnosticsManager]  [bootstrap] /usr/lib/jvm/java-8-oracle/jre/lib/rt.jar
2019-05-03 17:50:04.932+0000 INFO [o.n.k.i.DiagnosticsManager]  [classpath + loader.0] file:/home/wecalderonc/code/tests/water-metter-neo4j/db/neo4j/development/lib/commons-logging-1.1.1.jar
2019-05-03 17:50:04.933+0000 INFO [o.n.k.i.DiagnosticsManager]  [classpath + loader.0] file:/home/wecalderonc/code/tests/water-metter-neo4j/db/neo4j/development/lib/neo4j-lucene-upgrade-3.4.1.jar
2019-05-03 17:50:04.933+0000 INFO [o.n.k.i.DiagnosticsManager]  [classpath + loader.0] file:/home/wecalderonc/code/tests/water-metter-neo4j/db/neo4j/development/lib/jackson-mapper-asl-1.9.13.jar
2019-05-03 17:50:04.933+0000 INFO [o.n.k.i.DiagnosticsManager]  [bootstrap] /usr/lib/jvm/java-8-oracle/jre/lib/charsets.jar
2019-05-03 17:50:04.933+0000 INFO [o.n.k.i.DiagnosticsManager]  [classpath + loader.0] file:/home/wecalderonc/code/tests/water-metter-neo4j/db/neo4j/development/lib/neo4j-spatial-index-3.4.1.jar
2019-05-03 17:50:04.933+0000 INFO [o.n.k.i.DiagnosticsManager]  [classpath + loader.0] file:/home/wecalderonc/code/tests/water-metter-neo4j/db/neo4j/development/lib/neo4j-cypher-logical-plans-3.4-3.4.1.jar
2019-05-03 17:50:04.933+0000 INFO [o.n.k.i.DiagnosticsManager]  [classpath + loader.0] file:/home/wecalderonc/code/tests/water-metter-neo4j/db/neo4j/development/lib/neo4j-codegen-3.4.1.jar
2019-05-03 17:50:04.933+0000 INFO [o.n.k.i.DiagnosticsManager]  [classpath + loader.0] file:/home/wecalderonc/code/tests/water-metter-neo4j/db/neo4j/development/lib/bcpkix-jdk15on-1.59.jar
2019-05-03 17:50:04.933+0000 INFO [o.n.k.i.DiagnosticsManager]  [classpath + loader.0] file:/home/wecalderonc/code/tests/water-metter-neo4j/db/neo4j/development/lib/commons-lang-2.6.jar
2019-05-03 17:50:04.933+0000 INFO [o.n.k.i.DiagnosticsManager]  [classpath + loader.0] file:/home/wecalderonc/code/tests/water-metter-neo4j/db/neo4j/development/lib/neo4j-graph-algo-3.4.1.jar
2019-05-03 17:50:04.933+0000 INFO [o.n.k.i.DiagnosticsManager]  [classpath + loader.0] file:/home/wecalderonc/code/tests/water-metter-neo4j/db/neo4j/development/lib/commons-lang3-3.7.jar
2019-05-03 17:50:04.933+0000 INFO [o.n.k.i.DiagnosticsManager]  [classpath + loader.0] file:/home/wecalderonc/code/tests/water-metter-neo4j/db/neo4j/development/lib/jetty-util-9.4.8.v20171121.jar
2019-05-03 17:50:04.933+0000 INFO [o.n.k.i.DiagnosticsManager]  [classpath + loader.0] file:/home/wecalderonc/code/tests/water-metter-neo4j/db/neo4j/development/lib/neo4j-cypher-frontend-2.3-2.3.12.jar
2019-05-03 17:50:04.933+0000 INFO [o.n.k.i.DiagnosticsManager]  [classpath + loader.0] file:/home/wecalderonc/code/tests/water-metter-neo4j/db/neo4j/development/lib/jersey-core-1.19.3.jar
2019-05-03 17:50:04.934+0000 INFO [o.n.k.i.DiagnosticsManager]  [classpath + loader.0] file:/home/wecalderonc/code/tests/water-metter-neo4j/db/neo4j/development/lib/parboiled-scala_2.11-1.1.7.jar
2019-05-03 17:50:04.934+0000 INFO [o.n.k.i.DiagnosticsManager]  [bootstrap] /usr/lib/jvm/java-8-oracle/jre/classes
2019-05-03 17:50:04.934+0000 INFO [o.n.k.i.DiagnosticsManager]  [classpath + loader.0] file:/home/wecalderonc/code/tests/water-metter-neo4j/db/neo4j/development/lib/neo4j-lucene-index-3.4.1.jar
2019-05-03 17:50:04.934+0000 INFO [o.n.k.i.DiagnosticsManager]  [classpath + loader.0] file:/home/wecalderonc/code/tests/water-metter-neo4j/db/neo4j/development/lib/caffeine-2.6.2.jar
2019-05-03 17:50:04.934+0000 INFO [o.n.k.i.DiagnosticsManager]  [classpath + loader.0] file:/home/wecalderonc/code/tests/water-metter-neo4j/db/neo4j/development/lib/neo4j-common-3.4.1.jar
2019-05-03 17:50:04.934+0000 INFO [o.n.k.i.DiagnosticsManager]  [classpath + loader.0] file:/home/wecalderonc/code/tests/water-metter-neo4j/db/neo4j/development/lib/jProcesses-1.6.4.jar
2019-05-03 17:50:04.934+0000 INFO [o.n.k.i.DiagnosticsManager]  [classpath + loader.0] file:/home/wecalderonc/code/tests/water-metter-neo4j/db/neo4j/development/lib/jetty-xml-9.4.8.v20171121.jar
2019-05-03 17:50:04.934+0000 INFO [o.n.k.i.DiagnosticsManager]  [classpath + loader.0] file:/home/wecalderonc/code/tests/water-metter-neo4j/db/neo4j/development/lib/neo4j-collections-3.4.1.jar
2019-05-03 17:50:04.934+0000 INFO [o.n.k.i.DiagnosticsManager]  [loader.1] file:/usr/lib/jvm/java-8-oracle/jre/lib/ext/nashorn.jar
2019-05-03 17:50:04.934+0000 INFO [o.n.k.i.DiagnosticsManager]  [classpath + loader.0] file:/home/wecalderonc/code/tests/water-metter-neo4j/db/neo4j/development/lib/scala-library-2.11.12.jar
2019-05-03 17:50:04.934+0000 INFO [o.n.k.i.DiagnosticsManager]  [classpath + loader.0] file:/home/wecalderonc/code/tests/water-metter-neo4j/db/neo4j/development/lib/jetty-io-9.4.8.v20171121.jar
2019-05-03 17:50:04.934+0000 INFO [o.n.k.i.DiagnosticsManager]  [classpath + loader.0] file:/home/wecalderonc/code/tests/water-metter-neo4j/db/neo4j/development/lib/javax.servlet-api-3.1.0.jar
2019-05-03 17:50:04.935+0000 INFO [o.n.k.i.DiagnosticsManager]  [classpath + loader.0] file:/home/wecalderonc/code/tests/water-metter-neo4j/db/neo4j/development/lib/server-api-3.4.1.jar
2019-05-03 17:50:04.935+0000 INFO [o.n.k.i.DiagnosticsManager]  [classpath + loader.0] file:/home/wecalderonc/code/tests/water-metter-neo4j/db/neo4j/development/lib/jackson-jaxrs-1.9.13.jar
2019-05-03 17:50:04.935+0000 INFO [o.n.k.i.DiagnosticsManager]  [bootstrap] /usr/lib/jvm/java-8-oracle/jre/lib/sunrsasign.jar
2019-05-03 17:50:04.935+0000 INFO [o.n.k.i.DiagnosticsManager]  [classpath + loader.0] file:/home/wecalderonc/code/tests/water-metter-neo4j/db/neo4j/development/lib/jersey-servlet-1.19.3.jar
2019-05-03 17:50:04.935+0000 INFO [o.n.k.i.DiagnosticsManager]  [classpath + loader.0] file:/home/wecalderonc/code/tests/water-metter-neo4j/db/neo4j/development/lib/jetty-security-9.4.8.v20171121.jar
2019-05-03 17:50:04.935+0000 INFO [o.n.k.i.DiagnosticsManager]  [bootstrap] /usr/lib/jvm/java-8-oracle/jre/lib/resources.jar
2019-05-03 17:50:04.935+0000 INFO [o.n.k.i.DiagnosticsManager]  [classpath + loader.0] file:/home/wecalderonc/code/tests/water-metter-neo4j/db/neo4j/development/lib/neo4j-cypher-ir-3.4-3.4.1.jar
2019-05-03 17:50:04.935+0000 INFO [o.n.k.i.DiagnosticsManager]  [loader.1] file:/usr/lib/jvm/java-8-oracle/jre/lib/ext/localedata.jar
2019-05-03 17:50:04.935+0000 INFO [o.n.k.i.DiagnosticsManager]  [classpath + loader.0] file:/home/wecalderonc/code/tests/water-metter-neo4j/db/neo4j/development/lib/neo4j-kernel-api-3.4.1.jar
2019-05-03 17:50:04.935+0000 INFO [o.n.k.i.DiagnosticsManager]  [classpath + loader.0] file:/home/wecalderonc/code/tests/water-metter-neo4j/db/neo4j/development/lib/WMI4Java-1.6.1.jar
2019-05-03 17:50:04.935+0000 INFO [o.n.k.i.DiagnosticsManager] Library path:
2019-05-03 17:50:04.936+0000 INFO [o.n.k.i.DiagnosticsManager] /usr/java/packages/lib/amd64
2019-05-03 17:50:04.936+0000 INFO [o.n.k.i.DiagnosticsManager] /usr/lib64
2019-05-03 17:50:04.936+0000 INFO [o.n.k.i.DiagnosticsManager] /lib64
2019-05-03 17:50:04.936+0000 INFO [o.n.k.i.DiagnosticsManager] /lib
2019-05-03 17:50:04.936+0000 INFO [o.n.k.i.DiagnosticsManager] /usr/lib
2019-05-03 17:50:04.936+0000 INFO [o.n.k.i.DiagnosticsManager] System.properties:
2019-05-03 17:50:04.937+0000 INFO [o.n.k.i.DiagnosticsManager] sun.boot.library.path = /usr/lib/jvm/java-8-oracle/jre/lib/amd64
2019-05-03 17:50:04.937+0000 INFO [o.n.k.i.DiagnosticsManager] jdk.tls.rejectClientInitiatedRenegotiation = true
2019-05-03 17:50:04.937+0000 INFO [o.n.k.i.DiagnosticsManager] path.separator = :
2019-05-03 17:50:04.937+0000 INFO [o.n.k.i.DiagnosticsManager] file.encoding.pkg = sun.io
2019-05-03 17:50:04.937+0000 INFO [o.n.k.i.DiagnosticsManager] user.country = US
2019-05-03 17:50:04.937+0000 INFO [o.n.k.i.DiagnosticsManager] sun.java.launcher = SUN_STANDARD
2019-05-03 17:50:04.937+0000 INFO [o.n.k.i.DiagnosticsManager] sun.os.patch.level = unknown
2019-05-03 17:50:04.937+0000 INFO [o.n.k.i.DiagnosticsManager] user.dir = /home/wecalderonc/code/tests/water-metter-neo4j
2019-05-03 17:50:04.937+0000 INFO [o.n.k.i.DiagnosticsManager] sun.jnu.encoding = UTF-8
2019-05-03 17:50:04.937+0000 INFO [o.n.k.i.DiagnosticsManager] unsupported.dbms.udc.source = tarball
2019-05-03 17:50:04.937+0000 INFO [o.n.k.i.DiagnosticsManager] sun.management.compiler = HotSpot 64-Bit Tiered Compilers
2019-05-03 17:50:04.937+0000 INFO [o.n.k.i.DiagnosticsManager] user.home = /home/wecalderonc
2019-05-03 17:50:04.938+0000 INFO [o.n.k.i.DiagnosticsManager] user.timezone = America/Bogota
2019-05-03 17:50:04.938+0000 INFO [o.n.k.i.DiagnosticsManager] file.encoding = UTF-8
2019-05-03 17:50:04.938+0000 INFO [o.n.k.i.DiagnosticsManager] user.name = wecalderonc
2019-05-03 17:50:04.938+0000 INFO [o.n.k.i.DiagnosticsManager] sun.java.command = org.neo4j.server.CommunityEntryPoint --home-dir=/home/wecalderonc/code/tests/water-metter-neo4j/db/neo4j/development --config-dir=/home/wecalderonc/code/tests/water-metter-neo4j/db/neo4j/development/conf
2019-05-03 17:50:04.938+0000 INFO [o.n.k.i.DiagnosticsManager] sun.arch.data.model = 64
2019-05-03 17:50:04.938+0000 INFO [o.n.k.i.DiagnosticsManager] user.language = en
2019-05-03 17:50:04.938+0000 INFO [o.n.k.i.DiagnosticsManager] awt.toolkit = sun.awt.X11.XToolkit
2019-05-03 17:50:04.938+0000 INFO [o.n.k.i.DiagnosticsManager] jdk.tls.ephemeralDHKeySize = 2048
2019-05-03 17:50:04.938+0000 INFO [o.n.k.i.DiagnosticsManager] file.separator = /
2019-05-03 17:50:04.938+0000 INFO [o.n.k.i.DiagnosticsManager] sun.io.unicode.encoding = UnicodeLittle
2019-05-03 17:50:04.938+0000 INFO [o.n.k.i.DiagnosticsManager] sun.cpu.endian = little
2019-05-03 17:50:04.938+0000 INFO [o.n.k.i.DiagnosticsManager] sun.desktop = gnome
2019-05-03 17:50:04.938+0000 INFO [o.n.k.i.DiagnosticsManager] sun.cpu.isalist = 
2019-05-03 17:50:04.938+0000 INFO [o.n.k.i.DiagnosticsManager] (IANA) TimeZone Database Version:
2019-05-03 17:50:04.987+0000 INFO [o.n.k.i.DiagnosticsManager]   TimeZone version: 2018g (available for 599 zone identifiers)
2019-05-03 17:50:04.987+0000 INFO [o.n.k.i.DiagnosticsManager] Linux scheduler information:
2019-05-03 17:50:04.997+0000 INFO [o.n.k.i.DiagnosticsManager] [none] 
2019-05-03 17:50:04.997+0000 INFO [o.n.k.i.DiagnosticsManager] noop deadline [cfq] 
2019-05-03 17:50:04.998+0000 INFO [o.n.k.i.DiagnosticsManager] noop deadline [cfq] 
2019-05-03 17:50:04.998+0000 INFO [o.n.k.i.DiagnosticsManager] [none] 
2019-05-03 17:50:04.998+0000 INFO [o.n.k.i.DiagnosticsManager] [none] 
2019-05-03 17:50:04.998+0000 INFO [o.n.k.i.DiagnosticsManager] [none] 
2019-05-03 17:50:04.999+0000 INFO [o.n.k.i.DiagnosticsManager] [none] 
2019-05-03 17:50:04.999+0000 INFO [o.n.k.i.DiagnosticsManager] noop deadline [cfq] 
2019-05-03 17:50:04.999+0000 INFO [o.n.k.i.DiagnosticsManager] [none] 
2019-05-03 17:50:04.999+0000 INFO [o.n.k.i.DiagnosticsManager] noop deadline [cfq] 
2019-05-03 17:50:05.000+0000 INFO [o.n.k.i.DiagnosticsManager] [none] 
2019-05-03 17:50:05.000+0000 INFO [o.n.k.i.DiagnosticsManager] [none] 
2019-05-03 17:50:05.000+0000 INFO [o.n.k.i.DiagnosticsManager] Network information:
2019-05-03 17:50:05.002+0000 INFO [o.n.k.i.DiagnosticsManager] Interface br-f4d6a361c82a:
2019-05-03 17:50:05.002+0000 INFO [o.n.k.i.DiagnosticsManager]     address: 172.19.0.1
2019-05-03 17:50:05.002+0000 INFO [o.n.k.i.DiagnosticsManager] Interface docker0:
2019-05-03 17:50:05.002+0000 INFO [o.n.k.i.DiagnosticsManager]     address: 172.17.0.1
2019-05-03 17:50:05.002+0000 INFO [o.n.k.i.DiagnosticsManager] Interface br-be252cbd3e07:
2019-05-03 17:50:05.002+0000 INFO [o.n.k.i.DiagnosticsManager]     address: 172.18.0.1
2019-05-03 17:50:05.002+0000 INFO [o.n.k.i.DiagnosticsManager] Interface br-858d23ec8030:
2019-05-03 17:50:05.002+0000 INFO [o.n.k.i.DiagnosticsManager]     address: 172.21.0.1
2019-05-03 17:50:05.003+0000 INFO [o.n.k.i.DiagnosticsManager] Interface br-47a6e216653b:
2019-05-03 17:50:05.003+0000 INFO [o.n.k.i.DiagnosticsManager]     address: 172.22.0.1
2019-05-03 17:50:05.003+0000 INFO [o.n.k.i.DiagnosticsManager] Interface br-15a589c06a66:
2019-05-03 17:50:05.003+0000 INFO [o.n.k.i.DiagnosticsManager]     address: 172.20.0.1
2019-05-03 17:50:05.003+0000 INFO [o.n.k.i.DiagnosticsManager] Interface wlp3s0:
2019-05-03 17:50:05.003+0000 INFO [o.n.k.i.DiagnosticsManager]     address: fe80:0:0:0:5e25:c1db:63b1:da66%wlp3s0
2019-05-03 17:50:05.003+0000 INFO [o.n.k.i.DiagnosticsManager]     address: 192.168.0.7
2019-05-03 17:50:05.003+0000 INFO [o.n.k.i.DiagnosticsManager] Interface lo:
2019-05-03 17:50:05.003+0000 INFO [o.n.k.i.DiagnosticsManager]     address: 0:0:0:0:0:0:0:1%lo
2019-05-03 17:50:05.003+0000 INFO [o.n.k.i.DiagnosticsManager]     address: 127.0.0.1
2019-05-03 17:50:05.003+0000 INFO [o.n.k.i.DiagnosticsManager] --- INITIALIZED diagnostics END ---
2019-05-03 17:50:05.357+0000 INFO [o.n.b.BoltKernelExtension] Bolt Server extension loaded.
2019-05-03 17:50:05.719+0000 INFO [o.n.k.i.s.f.RecordFormatSelector] Selected RecordFormat:StandardV3_4[v0.A.9] record format from store /home/wecalderonc/code/tests/water-metter-neo4j/db/neo4j/development/data/databases/graph.db
2019-05-03 17:50:05.795+0000 INFO [o.n.k.i.s.f.RecordFormatSelector] Selected RecordFormat:StandardV3_4[v0.A.9] record format from store /home/wecalderonc/code/tests/water-metter-neo4j/db/neo4j/development/data/databases/graph.db
2019-05-03 17:50:05.796+0000 INFO [o.n.k.i.s.f.RecordFormatSelector] Format not configured. Selected format from the store: RecordFormat:StandardV3_4[v0.A.9]
2019-05-03 17:50:06.186+0000 INFO [o.n.k.NeoStoreDataSource] No commits found after last check point (which is at LogPosition{logVersion=0, byteOffset=16})
2019-05-03 17:50:06.226+0000 INFO [o.n.k.i.DatabaseHealth] Database health set to OK
2019-05-03 17:50:06.644+0000 INFO [o.n.b.BoltKernelExtension] Bolt enabled on localhost:7472.
2019-05-03 17:50:06.655+0000 INFO [o.n.k.AvailabilityGuard] Fulfilling of requirement makes database available: Database available
2019-05-03 17:50:06.656+0000 INFO [o.n.k.i.f.GraphDatabaseFacadeFactory] Database is now ready
2019-05-03 17:50:06.657+0000 INFO [o.n.k.i.DiagnosticsManager] --- STARTED diagnostics for KernelDiagnostics:Versions START ---
2019-05-03 17:50:06.657+0000 INFO [o.n.k.i.DiagnosticsManager] Graph Database: community single StoreId{creationTime=1556903558416, randomId=-6776000110426213510, storeVersion=16094931155187206, upgradeTime=1556903558416, upgradeId=1}
2019-05-03 17:50:06.657+0000 INFO [o.n.k.i.DiagnosticsManager] Kernel version: 3.4.1,bf2fd1991decc5b49b63105e793230f19ccf6f15
2019-05-03 17:50:06.658+0000 INFO [o.n.k.i.DiagnosticsManager] --- STARTED diagnostics for KernelDiagnostics:Versions END ---
2019-05-03 17:50:06.660+0000 INFO [o.n.k.i.DiagnosticsManager] --- STARTED diagnostics for NEO_STORE_VERSIONS START ---
2019-05-03 17:50:06.660+0000 INFO [o.n.k.i.DiagnosticsManager] Store versions:
2019-05-03 17:50:06.660+0000 INFO [o.n.k.i.DiagnosticsManager] Store versions:
2019-05-03 17:50:06.661+0000 INFO [o.n.k.i.DiagnosticsManager]   ArrayPropertyStore v0.A.9
2019-05-03 17:50:06.661+0000 INFO [o.n.k.i.DiagnosticsManager]   NodeStore v0.A.9
2019-05-03 17:50:06.661+0000 INFO [o.n.k.i.DiagnosticsManager]   StringPropertyStore v0.A.9
2019-05-03 17:50:06.661+0000 INFO [o.n.k.i.DiagnosticsManager]   PropertyIndexStore v0.A.9
2019-05-03 17:50:06.661+0000 INFO [o.n.k.i.DiagnosticsManager]   StringPropertyStore v0.A.9
2019-05-03 17:50:06.661+0000 INFO [o.n.k.i.DiagnosticsManager]   ArrayPropertyStore v0.A.9
2019-05-03 17:50:06.661+0000 INFO [o.n.k.i.DiagnosticsManager]   PropertyStore v0.A.9
2019-05-03 17:50:06.661+0000 INFO [o.n.k.i.DiagnosticsManager]   RelationshipStore v0.A.9
2019-05-03 17:50:06.661+0000 INFO [o.n.k.i.DiagnosticsManager]   StringPropertyStore v0.A.9
2019-05-03 17:50:06.662+0000 INFO [o.n.k.i.DiagnosticsManager]   RelationshipTypeStore v0.A.9
2019-05-03 17:50:06.662+0000 INFO [o.n.k.i.DiagnosticsManager]   StringPropertyStore v0.A.9
2019-05-03 17:50:06.662+0000 INFO [o.n.k.i.DiagnosticsManager]   LabelTokenStore v0.A.9
2019-05-03 17:50:06.662+0000 INFO [o.n.k.i.DiagnosticsManager]   SchemaStore v0.A.9
2019-05-03 17:50:06.662+0000 INFO [o.n.k.i.DiagnosticsManager]   RelationshipGroupStore v0.A.9
2019-05-03 17:50:06.662+0000 INFO [o.n.k.i.DiagnosticsManager]   NeoStore v0.A.9
2019-05-03 17:50:06.662+0000 INFO [o.n.k.i.DiagnosticsManager] --- STARTED diagnostics for NEO_STORE_VERSIONS END ---
2019-05-03 17:50:06.662+0000 INFO [o.n.k.i.DiagnosticsManager] --- STARTED diagnostics for NEO_STORE_ID_USAGE START ---
2019-05-03 17:50:06.662+0000 INFO [o.n.k.i.DiagnosticsManager] Id usage:
2019-05-03 17:50:06.662+0000 INFO [o.n.k.i.DiagnosticsManager] Id usage:
2019-05-03 17:50:06.663+0000 INFO [o.n.k.i.DiagnosticsManager]   ArrayPropertyStore: used=1 high=0
2019-05-03 17:50:06.663+0000 INFO [o.n.k.i.DiagnosticsManager]   NodeStore: used=0 high=-1
2019-05-03 17:50:06.663+0000 INFO [o.n.k.i.DiagnosticsManager]   StringPropertyStore: used=1 high=0
2019-05-03 17:50:06.663+0000 INFO [o.n.k.i.DiagnosticsManager]   PropertyIndexStore: used=0 high=-1
2019-05-03 17:50:06.663+0000 INFO [o.n.k.i.DiagnosticsManager]   StringPropertyStore: used=1 high=0
2019-05-03 17:50:06.664+0000 INFO [o.n.k.i.DiagnosticsManager]   ArrayPropertyStore: used=1 high=0
2019-05-03 17:50:06.664+0000 INFO [o.n.k.i.DiagnosticsManager]   PropertyStore: used=0 high=-1
2019-05-03 17:50:06.664+0000 INFO [o.n.k.i.DiagnosticsManager]   RelationshipStore: used=0 high=-1
2019-05-03 17:50:06.664+0000 INFO [o.n.k.i.DiagnosticsManager]   StringPropertyStore: used=1 high=0
2019-05-03 17:50:06.664+0000 INFO [o.n.k.i.DiagnosticsManager]   RelationshipTypeStore: used=0 high=-1
2019-05-03 17:50:06.664+0000 INFO [o.n.k.i.DiagnosticsManager]   StringPropertyStore: used=1 high=0
2019-05-03 17:50:06.664+0000 INFO [o.n.k.i.DiagnosticsManager]   LabelTokenStore: used=0 high=-1
2019-05-03 17:50:06.664+0000 INFO [o.n.k.i.DiagnosticsManager]   SchemaStore: used=1 high=0
2019-05-03 17:50:06.664+0000 INFO [o.n.k.i.DiagnosticsManager]   RelationshipGroupStore: used=1 high=0
2019-05-03 17:50:06.664+0000 INFO [o.n.k.i.DiagnosticsManager]   NeoStore: used=15 high=14
2019-05-03 17:50:06.664+0000 INFO [o.n.k.i.DiagnosticsManager] --- STARTED diagnostics for NEO_STORE_ID_USAGE END ---
2019-05-03 17:50:06.665+0000 INFO [o.n.k.i.DiagnosticsManager] --- STARTED diagnostics for NEO_STORE_RECORDS START ---
2019-05-03 17:50:06.665+0000 INFO [o.n.k.i.DiagnosticsManager] Neostore records:
2019-05-03 17:50:06.665+0000 INFO [o.n.k.i.DiagnosticsManager] TIME (Creation time): 1556903558416
2019-05-03 17:50:06.665+0000 INFO [o.n.k.i.DiagnosticsManager] RANDOM_NUMBER (Random number for store id): -6776000110426213510
2019-05-03 17:50:06.666+0000 INFO [o.n.k.i.DiagnosticsManager] LOG_VERSION (Current log version): 0
2019-05-03 17:50:06.666+0000 INFO [o.n.k.i.DiagnosticsManager] LAST_TRANSACTION_ID (Last committed transaction): 1
2019-05-03 17:50:06.666+0000 INFO [o.n.k.i.DiagnosticsManager] STORE_VERSION (Store format version): 16094931155187206
2019-05-03 17:50:06.666+0000 INFO [o.n.k.i.DiagnosticsManager] FIRST_GRAPH_PROPERTY (First property record containing graph properties): -1
2019-05-03 17:50:06.666+0000 INFO [o.n.k.i.DiagnosticsManager] LAST_CONSTRAINT_TRANSACTION (Last committed transaction containing constraint changes): 0
2019-05-03 17:50:06.666+0000 INFO [o.n.k.i.DiagnosticsManager] UPGRADE_TRANSACTION_ID (Transaction id most recent upgrade was performed at): 1
2019-05-03 17:50:06.666+0000 INFO [o.n.k.i.DiagnosticsManager] UPGRADE_TIME (Time of last upgrade): 1556903558416
2019-05-03 17:50:06.666+0000 INFO [o.n.k.i.DiagnosticsManager] LAST_TRANSACTION_CHECKSUM (Checksum of last committed transaction): 0
2019-05-03 17:50:06.666+0000 INFO [o.n.k.i.DiagnosticsManager] UPGRADE_TRANSACTION_CHECKSUM (Checksum of transaction id the most recent upgrade was performed at): 0
2019-05-03 17:50:06.666+0000 INFO [o.n.k.i.DiagnosticsManager] LAST_CLOSED_TRANSACTION_LOG_VERSION (Log version where the last transaction commit entry has been written into): 0
2019-05-03 17:50:06.666+0000 INFO [o.n.k.i.DiagnosticsManager] LAST_CLOSED_TRANSACTION_LOG_BYTE_OFFSET (Byte offset in the log file where the last transaction commit entry has been written into): 16
2019-05-03 17:50:06.666+0000 INFO [o.n.k.i.DiagnosticsManager] LAST_TRANSACTION_COMMIT_TIMESTAMP (Commit time timestamp for last committed transaction): 0
2019-05-03 17:50:06.667+0000 INFO [o.n.k.i.DiagnosticsManager] UPGRADE_TRANSACTION_COMMIT_TIMESTAMP (Commit timestamp of transaction the most recent upgrade was performed at): 0
2019-05-03 17:50:06.667+0000 INFO [o.n.k.i.DiagnosticsManager] --- STARTED diagnostics for NEO_STORE_RECORDS END ---
2019-05-03 17:50:06.668+0000 INFO [o.n.k.i.DiagnosticsManager] --- STARTED diagnostics for TRANSACTION_RANGE START ---
2019-05-03 17:50:06.668+0000 INFO [o.n.k.i.DiagnosticsManager] Transaction log:
2019-05-03 17:50:06.668+0000 INFO [o.n.k.i.DiagnosticsManager] Oldest transaction 2 found in log with version 0
2019-05-03 17:50:06.668+0000 INFO [o.n.k.i.DiagnosticsManager] --- STARTED diagnostics for TRANSACTION_RANGE END ---
2019-05-03 17:50:06.673+0000 INFO [o.n.k.i.DiagnosticsManager] --- STARTED diagnostics for KernelDiagnostics:StoreFiles START ---
2019-05-03 17:50:06.674+0000 INFO [o.n.k.i.DiagnosticsManager] Disk space on partition (Total / Free / Free %): 485557870592 / 226688126976 / 46
2019-05-03 17:50:06.674+0000 INFO [o.n.k.i.DiagnosticsManager] Storage files: (filename : modification date - size)
2019-05-03 17:50:06.675+0000 INFO [o.n.k.i.DiagnosticsManager]   index:
2019-05-03 17:50:06.675+0000 INFO [o.n.k.i.DiagnosticsManager]   - Total: 2019-05-03T12:12:38-0500 - 0.00 B
2019-05-03 17:50:06.676+0000 INFO [o.n.k.i.DiagnosticsManager]   neostore: 2019-05-03T12:12:38-0500 - 8.00 kB
2019-05-03 17:50:06.676+0000 INFO [o.n.k.i.DiagnosticsManager]   neostore.counts.db.a: 2019-05-03T12:12:38-0500 - 96.00 B
2019-05-03 17:50:06.676+0000 INFO [o.n.k.i.DiagnosticsManager]   neostore.id: 2019-05-03T12:50:05-0500 - 9.00 B
2019-05-03 17:50:06.677+0000 INFO [o.n.k.i.DiagnosticsManager]   neostore.labelscanstore.db: 2019-05-03T12:50:06-0500 - 40.00 kB
2019-05-03 17:50:06.677+0000 INFO [o.n.k.i.DiagnosticsManager]   neostore.labeltokenstore.db: 2019-05-03T12:12:38-0500 - 0.00 B
2019-05-03 17:50:06.677+0000 INFO [o.n.k.i.DiagnosticsManager]   neostore.labeltokenstore.db.id: 2019-05-03T12:50:05-0500 - 9.00 B
2019-05-03 17:50:06.678+0000 INFO [o.n.k.i.DiagnosticsManager]   neostore.labeltokenstore.db.names: 2019-05-03T12:12:38-0500 - 8.00 kB
2019-05-03 17:50:06.678+0000 INFO [o.n.k.i.DiagnosticsManager]   neostore.labeltokenstore.db.names.id: 2019-05-03T12:50:05-0500 - 9.00 B
2019-05-03 17:50:06.678+0000 INFO [o.n.k.i.DiagnosticsManager]   neostore.nodestore.db: 2019-05-03T12:12:38-0500 - 0.00 B
2019-05-03 17:50:06.678+0000 INFO [o.n.k.i.DiagnosticsManager]   neostore.nodestore.db.id: 2019-05-03T12:50:05-0500 - 9.00 B
2019-05-03 17:50:06.678+0000 INFO [o.n.k.i.DiagnosticsManager]   neostore.nodestore.db.labels: 2019-05-03T12:12:38-0500 - 8.00 kB
2019-05-03 17:50:06.679+0000 INFO [o.n.k.i.DiagnosticsManager]   neostore.nodestore.db.labels.id: 2019-05-03T12:50:05-0500 - 9.00 B
2019-05-03 17:50:06.679+0000 INFO [o.n.k.i.DiagnosticsManager]   neostore.propertystore.db: 2019-05-03T12:12:38-0500 - 0.00 B
2019-05-03 17:50:06.679+0000 INFO [o.n.k.i.DiagnosticsManager]   neostore.propertystore.db.arrays: 2019-05-03T12:12:38-0500 - 8.00 kB
2019-05-03 17:50:06.679+0000 INFO [o.n.k.i.DiagnosticsManager]   neostore.propertystore.db.arrays.id: 2019-05-03T12:50:05-0500 - 9.00 B
2019-05-03 17:50:06.680+0000 INFO [o.n.k.i.DiagnosticsManager]   neostore.propertystore.db.id: 2019-05-03T12:50:05-0500 - 9.00 B
2019-05-03 17:50:06.680+0000 INFO [o.n.k.i.DiagnosticsManager]   neostore.propertystore.db.index: 2019-05-03T12:12:38-0500 - 0.00 B
2019-05-03 17:50:06.680+0000 INFO [o.n.k.i.DiagnosticsManager]   neostore.propertystore.db.index.id: 2019-05-03T12:50:05-0500 - 9.00 B
2019-05-03 17:50:06.680+0000 INFO [o.n.k.i.DiagnosticsManager]   neostore.propertystore.db.index.keys: 2019-05-03T12:12:38-0500 - 8.00 kB
2019-05-03 17:50:06.680+0000 INFO [o.n.k.i.DiagnosticsManager]   neostore.propertystore.db.index.keys.id: 2019-05-03T12:50:05-0500 - 9.00 B
2019-05-03 17:50:06.681+0000 INFO [o.n.k.i.DiagnosticsManager]   neostore.propertystore.db.strings: 2019-05-03T12:12:38-0500 - 8.00 kB
2019-05-03 17:50:06.681+0000 INFO [o.n.k.i.DiagnosticsManager]   neostore.propertystore.db.strings.id: 2019-05-03T12:50:05-0500 - 9.00 B
2019-05-03 17:50:06.681+0000 INFO [o.n.k.i.DiagnosticsManager]   neostore.relationshipgroupstore.db: 2019-05-03T12:12:38-0500 - 8.00 kB
2019-05-03 17:50:06.682+0000 INFO [o.n.k.i.DiagnosticsManager]   neostore.relationshipgroupstore.db.id: 2019-05-03T12:50:05-0500 - 9.00 B
2019-05-03 17:50:06.682+0000 INFO [o.n.k.i.DiagnosticsManager]   neostore.relationshipstore.db: 2019-05-03T12:12:38-0500 - 0.00 B
2019-05-03 17:50:06.682+0000 INFO [o.n.k.i.DiagnosticsManager]   neostore.relationshipstore.db.id: 2019-05-03T12:50:05-0500 - 9.00 B
2019-05-03 17:50:06.682+0000 INFO [o.n.k.i.DiagnosticsManager]   neostore.relationshiptypestore.db: 2019-05-03T12:12:38-0500 - 0.00 B
2019-05-03 17:50:06.683+0000 INFO [o.n.k.i.DiagnosticsManager]   neostore.relationshiptypestore.db.id: 2019-05-03T12:50:05-0500 - 9.00 B
2019-05-03 17:50:06.683+0000 INFO [o.n.k.i.DiagnosticsManager]   neostore.relationshiptypestore.db.names: 2019-05-03T12:12:38-0500 - 8.00 kB
2019-05-03 17:50:06.683+0000 INFO [o.n.k.i.DiagnosticsManager]   neostore.relationshiptypestore.db.names.id: 2019-05-03T12:50:05-0500 - 9.00 B
2019-05-03 17:50:06.683+0000 INFO [o.n.k.i.DiagnosticsManager]   neostore.schemastore.db: 2019-05-03T12:12:38-0500 - 8.00 kB
2019-05-03 17:50:06.683+0000 INFO [o.n.k.i.DiagnosticsManager]   neostore.schemastore.db.id: 2019-05-03T12:50:05-0500 - 9.00 B
2019-05-03 17:50:06.683+0000 INFO [o.n.k.i.DiagnosticsManager]   neostore.transaction.db.0: 2019-05-03T12:12:39-0500 - 34.00 B
2019-05-03 17:50:06.684+0000 INFO [o.n.k.i.DiagnosticsManager]   store_lock: 2019-05-03T12:12:37-0500 - 0.00 B
2019-05-03 17:50:06.684+0000 INFO [o.n.k.i.DiagnosticsManager] Storage summary: 
2019-05-03 17:50:06.684+0000 INFO [o.n.k.i.DiagnosticsManager]   Total size of store: 112.26 kB
2019-05-03 17:50:06.684+0000 INFO [o.n.k.i.DiagnosticsManager]   Total size of mapped files: 112.00 kB
2019-05-03 17:50:06.684+0000 INFO [o.n.k.i.DiagnosticsManager] --- STARTED diagnostics for KernelDiagnostics:StoreFiles END ---
2019-05-03 17:50:10.440+0000 INFO [o.n.k.i.DiagnosticsManager] --- SERVER STARTED START ---
2019-05-03 17:50:12.854+0000 INFO [o.n.k.i.DiagnosticsManager] --- SERVER STARTED END ---
2019-05-03 17:50:32.347+0000 INFO [o.n.k.i.a.i.IndexPopulationJob] Index population started: [:Neo4j::Migrations::SchemaMigration(migration_id) [provider: {key=lucene+native, version=2.0}]]
2019-05-03 17:50:32.570+0000 INFO [o.n.k.i.a.i.IndexPopulationJob] Completed node store scan. Flushing all pending updates.
BatchingMultipleIndexPopulator{activeTasks=0, executor=java.util.concurrent.ThreadPoolExecutor@12f496d1[Running, pool size = 1, active threads = 0, queued tasks = 0, completed tasks = 1], batchedUpdates = [0 updates], queuedUpdates = 0}
2019-05-03 17:50:32.571+0000 INFO [o.n.k.i.a.i.IndexPopulationJob] Shutting down executor.
BatchingMultipleIndexPopulator{activeTasks=1, executor=java.util.concurrent.ThreadPoolExecutor@12f496d1[Running, pool size = 2, active threads = 1, queued tasks = 0, completed tasks = 1], batchedUpdates = [0 updates], queuedUpdates = 0}
2019-05-03 17:50:32.640+0000 INFO [o.n.k.i.a.i.IndexPopulationJob] Index population completed. Index [:Neo4j::Migrations::SchemaMigration(migration_id) [provider: {key=lucene+native, version=2.0}]] is POPULATING.
2019-05-03 17:50:32.940+0000 INFO [o.n.k.i.a.i.IndexPopulationJob] Index population started: [:User(uuid) [provider: {key=lucene+native, version=2.0}]]
2019-05-03 17:50:32.994+0000 INFO [o.n.k.i.a.i.IndexPopulationJob] Completed node store scan. Flushing all pending updates.
BatchingMultipleIndexPopulator{activeTasks=1, executor=java.util.concurrent.ThreadPoolExecutor@48170170[Running, pool size = 1, active threads = 1, queued tasks = 0, completed tasks = 0], batchedUpdates = [0 updates], queuedUpdates = 0}
2019-05-03 17:50:32.994+0000 INFO [o.n.k.i.a.i.IndexPopulationJob] Shutting down executor.
BatchingMultipleIndexPopulator{activeTasks=1, executor=java.util.concurrent.ThreadPoolExecutor@48170170[Running, pool size = 2, active threads = 1, queued tasks = 0, completed tasks = 1], batchedUpdates = [0 updates], queuedUpdates = 0}
2019-05-03 17:50:33.023+0000 INFO [o.n.k.i.a.i.IndexPopulationJob] Index population completed. Index [:User(uuid) [provider: {key=lucene+native, version=2.0}]] is POPULATING.
2019-05-03 17:50:33.158+0000 INFO [o.n.k.i.a.i.IndexPopulationJob] Index population started: [:Thing(uuid) [provider: {key=lucene+native, version=2.0}]]
2019-05-03 17:50:33.211+0000 INFO [o.n.k.i.a.i.IndexPopulationJob] Completed node store scan. Flushing all pending updates.
BatchingMultipleIndexPopulator{activeTasks=1, executor=java.util.concurrent.ThreadPoolExecutor@4a241821[Running, pool size = 1, active threads = 1, queued tasks = 0, completed tasks = 0], batchedUpdates = [0 updates], queuedUpdates = 0}
2019-05-03 17:50:33.212+0000 INFO [o.n.k.i.a.i.IndexPopulationJob] Shutting down executor.
BatchingMultipleIndexPopulator{activeTasks=1, executor=java.util.concurrent.ThreadPoolExecutor@4a241821[Running, pool size = 2, active threads = 1, queued tasks = 0, completed tasks = 1], batchedUpdates = [0 updates], queuedUpdates = 0}
2019-05-03 17:50:33.243+0000 INFO [o.n.k.i.a.i.IndexPopulationJob] Index population completed. Index [:Thing(uuid) [provider: {key=lucene+native, version=2.0}]] is POPULATING.
2019-05-03 17:50:33.329+0000 INFO [o.n.k.i.a.i.IndexPopulationJob] Index population started: [:Uplink(uuid) [provider: {key=lucene+native, version=2.0}]]
2019-05-03 17:50:33.383+0000 INFO [o.n.k.i.a.i.IndexPopulationJob] Completed node store scan. Flushing all pending updates.
BatchingMultipleIndexPopulator{activeTasks=1, executor=java.util.concurrent.ThreadPoolExecutor@7897a575[Running, pool size = 1, active threads = 1, queued tasks = 0, completed tasks = 0], batchedUpdates = [0 updates], queuedUpdates = 0}
2019-05-03 17:50:33.383+0000 INFO [o.n.k.i.a.i.IndexPopulationJob] Shutting down executor.
BatchingMultipleIndexPopulator{activeTasks=1, executor=java.util.concurrent.ThreadPoolExecutor@7897a575[Running, pool size = 2, active threads = 1, queued tasks = 0, completed tasks = 1], batchedUpdates = [0 updates], queuedUpdates = 0}
2019-05-03 17:50:33.413+0000 INFO [o.n.k.i.a.i.IndexPopulationJob] Index population completed. Index [:Uplink(uuid) [provider: {key=lucene+native, version=2.0}]] is POPULATING.
2019-05-03 18:14:36.245+0000 INFO [o.n.k.i.t.l.c.CheckPointerImpl] Checkpoint triggered by scheduler for time threshold @ txId: 28 checkpoint started...
2019-05-03 18:14:36.363+0000 INFO [o.n.k.i.s.c.CountsTracker] Rotated counts store at transaction 28 to [/home/wecalderonc/code/tests/water-metter-neo4j/db/neo4j/development/data/databases/graph.db/neostore.counts.db.b], from [/home/wecalderonc/code/tests/water-metter-neo4j/db/neo4j/development/data/databases/graph.db/neostore.counts.db.a].
2019-05-03 18:14:36.411+0000 INFO [o.n.k.i.t.l.c.CheckPointerImpl] Checkpoint triggered by scheduler for time threshold @ txId: 28 checkpoint completed in 166ms
2019-05-03 18:14:36.413+0000 INFO [o.n.k.i.t.l.p.LogPruningImpl] No log version pruned, last checkpoint was made in version 0
2019-05-03 18:27:27.154+0000 INFO [o.n.c.i.CommunityCompatibilityFactory] Discarded stale query from the query cache after 2198 seconds: MATCH (a)-[r]->(b) WHERE id(a) IN $existingNodeIds AND id(b) IN $newNodeIds RETURN r;
2019-05-03 18:27:27.156+0000 INFO [o.n.c.i.ExecutionEngine] Discarded stale query from the query cache after 2198 seconds: MATCH (a)-[r]->(b) WHERE id(a) IN $existingNodeIds AND id(b) IN $newNodeIds RETURN r;
2019-05-03 18:29:36.441+0000 INFO [o.n.k.i.t.l.c.CheckPointerImpl] Checkpoint triggered by scheduler for time threshold @ txId: 36 checkpoint started...
2019-05-03 18:29:36.525+0000 INFO [o.n.k.i.s.c.CountsTracker] Rotated counts store at transaction 36 to [/home/wecalderonc/code/tests/water-metter-neo4j/db/neo4j/development/data/databases/graph.db/neostore.counts.db.a], from [/home/wecalderonc/code/tests/water-metter-neo4j/db/neo4j/development/data/databases/graph.db/neostore.counts.db.b].
2019-05-03 18:29:36.559+0000 INFO [o.n.k.i.t.l.c.CheckPointerImpl] Checkpoint triggered by scheduler for time threshold @ txId: 36 checkpoint completed in 116ms
2019-05-03 18:29:36.559+0000 INFO [o.n.k.i.t.l.p.LogPruningImpl] No log version pruned, last checkpoint was made in version 0
2019-05-03 18:44:36.581+0000 INFO [o.n.k.i.t.l.c.CheckPointerImpl] Checkpoint triggered by scheduler for time threshold @ txId: 39 checkpoint started...
2019-05-03 18:44:36.651+0000 INFO [o.n.k.i.s.c.CountsTracker] Rotated counts store at transaction 39 to [/home/wecalderonc/code/tests/water-metter-neo4j/db/neo4j/development/data/databases/graph.db/neostore.counts.db.b], from [/home/wecalderonc/code/tests/water-metter-neo4j/db/neo4j/development/data/databases/graph.db/neostore.counts.db.a].
2019-05-03 18:44:36.668+0000 INFO [o.n.k.i.t.l.c.CheckPointerImpl] Checkpoint triggered by scheduler for time threshold @ txId: 39 checkpoint completed in 87ms
2019-05-03 18:44:36.668+0000 INFO [o.n.k.i.t.l.p.LogPruningImpl] No log version pruned, last checkpoint was made in version 0
2019-05-03 18:58:42.225+0000 INFO [o.n.c.i.CommunityCompatibilityFactory] Discarded stale query from the query cache after 1875 seconds: MATCH (a)-[r]->(b) WHERE id(a) IN $existingNodeIds AND id(b) IN $newNodeIds RETURN r;
2019-05-03 18:58:42.225+0000 INFO [o.n.c.i.ExecutionEngine] Discarded stale query from the query cache after 1875 seconds: MATCH (a)-[r]->(b) WHERE id(a) IN $existingNodeIds AND id(b) IN $newNodeIds RETURN r;
2019-05-03 18:59:36.687+0000 INFO [o.n.k.i.t.l.c.CheckPointerImpl] Checkpoint triggered by scheduler for time threshold @ txId: 41 checkpoint started...
2019-05-03 18:59:36.754+0000 INFO [o.n.k.i.s.c.CountsTracker] Rotated counts store at transaction 41 to [/home/wecalderonc/code/tests/water-metter-neo4j/db/neo4j/development/data/databases/graph.db/neostore.counts.db.a], from [/home/wecalderonc/code/tests/water-metter-neo4j/db/neo4j/development/data/databases/graph.db/neostore.counts.db.b].
2019-05-03 18:59:36.769+0000 INFO [o.n.k.i.t.l.c.CheckPointerImpl] Checkpoint triggered by scheduler for time threshold @ txId: 41 checkpoint completed in 81ms
2019-05-03 18:59:36.769+0000 INFO [o.n.k.i.t.l.p.LogPruningImpl] No log version pruned, last checkpoint was made in version 0
2019-05-03 19:14:36.789+0000 INFO [o.n.k.i.t.l.c.CheckPointerImpl] Checkpoint triggered by scheduler for time threshold @ txId: 42 checkpoint started...
2019-05-03 19:14:36.859+0000 INFO [o.n.k.i.s.c.CountsTracker] Rotated counts store at transaction 42 to [/home/wecalderonc/code/tests/water-metter-neo4j/db/neo4j/development/data/databases/graph.db/neostore.counts.db.b], from [/home/wecalderonc/code/tests/water-metter-neo4j/db/neo4j/development/data/databases/graph.db/neostore.counts.db.a].
2019-05-03 19:14:36.875+0000 INFO [o.n.k.i.t.l.c.CheckPointerImpl] Checkpoint triggered by scheduler for time threshold @ txId: 42 checkpoint completed in 86ms
2019-05-03 19:14:36.875+0000 INFO [o.n.k.i.t.l.p.LogPruningImpl] No log version pruned, last checkpoint was made in version 0
2019-05-03 19:20:54.850+0000 INFO [o.n.c.i.CommunityCompatibilityFactory] Discarded stale query from the query cache after 3500 seconds: MATCH (n:`Thing`) RETURN n ORDER BY n.uuid DESC LIMIT {limit_1}
2019-05-03 19:20:54.851+0000 INFO [o.n.c.i.ExecutionEngine] Discarded stale query from the query cache after 3500 seconds: MATCH (n:`Thing`) RETURN n ORDER BY n.uuid DESC LIMIT {limit_1}
2019-05-03 19:35:26.902+0000 INFO [o.n.k.i.t.l.c.CheckPointerImpl] Checkpoint triggered by scheduler for time threshold @ txId: 44 checkpoint started...
2019-05-03 19:35:26.970+0000 INFO [o.n.k.i.s.c.CountsTracker] Rotated counts store at transaction 44 to [/home/wecalderonc/code/tests/water-metter-neo4j/db/neo4j/development/data/databases/graph.db/neostore.counts.db.a], from [/home/wecalderonc/code/tests/water-metter-neo4j/db/neo4j/development/data/databases/graph.db/neostore.counts.db.b].
2019-05-03 19:35:26.987+0000 INFO [o.n.k.i.t.l.c.CheckPointerImpl] Checkpoint triggered by scheduler for time threshold @ txId: 44 checkpoint completed in 85ms
2019-05-03 19:35:26.987+0000 INFO [o.n.k.i.t.l.p.LogPruningImpl] No log version pruned, last checkpoint was made in version 0
2019-05-03 19:53:37.009+0000 INFO [o.n.k.i.t.l.c.CheckPointerImpl] Checkpoint triggered by scheduler for time threshold @ txId: 45 checkpoint started...
2019-05-03 19:53:37.083+0000 INFO [o.n.k.i.s.c.CountsTracker] Rotated counts store at transaction 45 to [/home/wecalderonc/code/tests/water-metter-neo4j/db/neo4j/development/data/databases/graph.db/neostore.counts.db.b], from [/home/wecalderonc/code/tests/water-metter-neo4j/db/neo4j/development/data/databases/graph.db/neostore.counts.db.a].
2019-05-03 19:53:37.110+0000 INFO [o.n.k.i.t.l.c.CheckPointerImpl] Checkpoint triggered by scheduler for time threshold @ txId: 45 checkpoint completed in 100ms
2019-05-03 19:53:37.110+0000 INFO [o.n.k.i.t.l.p.LogPruningImpl] No log version pruned, last checkpoint was made in version 0
2019-05-03 19:53:51.919+0000 INFO [o.n.c.i.CommunityCompatibilityFactory] Discarded stale query from the query cache after 3309 seconds: MATCH (a)-[r]->(b) WHERE id(a) IN $existingNodeIds AND id(b) IN $newNodeIds RETURN r;
2019-05-03 19:53:51.919+0000 INFO [o.n.c.i.ExecutionEngine] Discarded stale query from the query cache after 3309 seconds: MATCH (a)-[r]->(b) WHERE id(a) IN $existingNodeIds AND id(b) IN $newNodeIds RETURN r;
2019-05-03 20:08:37.136+0000 INFO [o.n.k.i.t.l.c.CheckPointerImpl] Checkpoint triggered by scheduler for time threshold @ txId: 48 checkpoint started...
2019-05-03 20:08:37.208+0000 INFO [o.n.k.i.s.c.CountsTracker] Rotated counts store at transaction 48 to [/home/wecalderonc/code/tests/water-metter-neo4j/db/neo4j/development/data/databases/graph.db/neostore.counts.db.a], from [/home/wecalderonc/code/tests/water-metter-neo4j/db/neo4j/development/data/databases/graph.db/neostore.counts.db.b].
2019-05-03 20:08:37.223+0000 INFO [o.n.k.i.t.l.c.CheckPointerImpl] Checkpoint triggered by scheduler for time threshold @ txId: 48 checkpoint completed in 86ms
2019-05-03 20:08:37.223+0000 INFO [o.n.k.i.t.l.p.LogPruningImpl] No log version pruned, last checkpoint was made in version 0
2019-05-03 20:11:28.584+0000 INFO [o.n.c.i.CommunityCompatibilityFactory] Discarded stale query from the query cache after 1080 seconds: MATCH (n) WHERE (ID(n) = {ID_n}) OPTIONAL MATCH (n)-[r]-() DELETE n, r
2019-05-03 20:11:28.584+0000 INFO [o.n.c.i.ExecutionEngine] Discarded stale query from the query cache after 1080 seconds: MATCH (n) WHERE (ID(n) = {ID_n}) OPTIONAL MATCH (n)-[r]-() DELETE n, r
2019-05-03 20:23:37.244+0000 INFO [o.n.k.i.t.l.c.CheckPointerImpl] Checkpoint triggered by scheduler for time threshold @ txId: 58 checkpoint started...
2019-05-03 20:23:37.314+0000 INFO [o.n.k.i.s.c.CountsTracker] Rotated counts store at transaction 58 to [/home/wecalderonc/code/tests/water-metter-neo4j/db/neo4j/development/data/databases/graph.db/neostore.counts.db.b], from [/home/wecalderonc/code/tests/water-metter-neo4j/db/neo4j/development/data/databases/graph.db/neostore.counts.db.a].
2019-05-03 20:23:37.328+0000 INFO [o.n.k.i.t.l.c.CheckPointerImpl] Checkpoint triggered by scheduler for time threshold @ txId: 58 checkpoint completed in 84ms
2019-05-03 20:23:37.328+0000 INFO [o.n.k.i.t.l.p.LogPruningImpl] No log version pruned, last checkpoint was made in version 0
2019-05-06 22:25:55.581+0000 INFO [o.n.k.i.f.GraphDatabaseFacadeFactory] Shutdown started
2019-05-06 22:25:55.650+0000 INFO [o.n.k.i.f.GraphDatabaseFacadeFactory] Database is now unavailable
2019-05-06 22:25:56.157+0000 INFO [o.n.k.i.t.l.c.CheckPointerImpl] Checkpoint triggered by database shutdown @ txId: 58 checkpoint started...
2019-05-06 22:25:56.922+0000 INFO [o.n.k.i.t.l.c.CheckPointerImpl] Checkpoint triggered by database shutdown @ txId: 58 checkpoint completed in 763ms
2019-05-06 22:25:56.925+0000 INFO [o.n.k.i.t.l.p.LogPruningImpl] No log version pruned, last checkpoint was made in version 0
2019-05-06 22:25:57.358+0000 INFO [o.n.k.i.DiagnosticsManager] --- STOPPING diagnostics START ---
2019-05-06 22:25:57.361+0000 INFO [o.n.k.i.DiagnosticsManager] --- STOPPING diagnostics END ---
